#
# There is insufficient memory for the Java Runtime Environment to continue.
# Native memory allocation (malloc) failed to allocate 1096176 bytes for Chunk::new
# Possible reasons:
#   The system is out of physical RAM or swap space
#   The process is running with CompressedOops enabled, and the Java Heap may be blocking the growth of the native heap
# Possible solutions:
#   Reduce memory load on the system
#   Increase physical memory or swap space
#   Check if swap backing store is full
#   Decrease Java heap size (-Xmx/-Xms)
#   Decrease number of Java threads
#   Decrease Java thread stack sizes (-Xss)
#   Set larger code cache with -XX:ReservedCodeCacheSize=
#   JVM is running with Unscaled Compressed Oops mode in which the Java heap is
#     placed in the first 4GB address space. The Java Heap base address is the
#     maximum limit for the native heap growth. Please use -XX:HeapBaseMinAddress
#     to set the Java Heap base and to place the Java Heap above 4GB virtual address.
# This output file may be truncated or incomplete.
#
#  Out of Memory Error (./src/hotspot/share/memory/arena.cpp:197), pid=4984, tid=4920
#
# JRE version: OpenJDK Runtime Environment (11.0.12+7) (build 11.0.12+7-b1504.28-7817840)
# Java VM: OpenJDK 64-Bit Server VM (11.0.12+7-b1504.28-7817840, mixed mode, tiered, compressed oops, g1 gc, windows-amd64)
# No core dump will be written. Minidumps are not enabled by default on client versions of Windows
#

---------------  S U M M A R Y ------------

Command Line: --add-opens=java.base/java.util=ALL-UNNAMED --add-opens=java.base/java.lang=ALL-UNNAMED --add-opens=java.base/java.lang.invoke=ALL-UNNAMED --add-opens=java.base/java.util=ALL-UNNAMED --add-opens=java.prefs/java.util.prefs=ALL-UNNAMED --add-opens=java.prefs/java.util.prefs=ALL-UNNAMED --add-opens=java.base/java.nio.charset=ALL-UNNAMED --add-opens=java.base/java.net=ALL-UNNAMED --add-opens=java.base/java.util.concurrent.atomic=ALL-UNNAMED -Xmx2048m -Dfile.encoding=UTF-8 -Duser.country=IN -Duser.language=en -Duser.variant org.gradle.launcher.daemon.bootstrap.GradleDaemon 7.3.3

Host: 11th Gen Intel(R) Core(TM) i5-1135G7 @ 2.40GHz, 8 cores, 7G,  Windows 10 , 64 bit Build 19041 (10.0.19041.1806)
Time: Sun Jul 17 09:47:19 2022 India Standard Time elapsed time: 10.989989 seconds (0d 0h 0m 10s)

---------------  T H R E A D  ---------------

Current thread (0x0000017503191800):  JavaThread "C2 CompilerThread1" daemon [_thread_in_native, id=4920, stack(0x000000155e800000,0x000000155e900000)]


Current CompileTask:
C2:  10990 6528       4       groovy.lang.MetaClassImpl::addMetaMethodToIndex (65 bytes)

Stack: [0x000000155e800000,0x000000155e900000]
Native frames: (J=compiled Java code, j=interpreted, Vv=VM code, C=native code)
V  [jvm.dll+0x5fbcea]
V  [jvm.dll+0x731905]
V  [jvm.dll+0x732f1d]
V  [jvm.dll+0x7335d3]
V  [jvm.dll+0x247bf8]
V  [jvm.dll+0xc018c]
V  [jvm.dll+0xc06cc]
V  [jvm.dll+0x35b2db]
V  [jvm.dll+0x328803]
V  [jvm.dll+0x327cfa]
V  [jvm.dll+0x200602]
V  [jvm.dll+0x1ff794]
V  [jvm.dll+0x18868c]
V  [jvm.dll+0x20e0d7]
V  [jvm.dll+0x20c901]
V  [jvm.dll+0x6f9b7f]
V  [jvm.dll+0x6f26a5]
V  [jvm.dll+0x5fabf6]
C  [ucrtbase.dll+0x21bb2]
C  [KERNEL32.DLL+0x17034]
C  [ntdll.dll+0x52651]


---------------  P R O C E S S  ---------------

Threads class SMR info:
_java_thread_list=0x00000175009617f0, length=123, elements={
0x000001756516e000, 0x000001757f63c800, 0x000001757f63e000, 0x000001750005c800,
0x000001750005e000, 0x000001750005f000, 0x0000017500061800, 0x0000017500067000,
0x0000017500068000, 0x00000175001d6800, 0x000001750285e800, 0x00000175008c0800,
0x00000175013d8000, 0x00000175002a4800, 0x00000175021d9800, 0x00000175021a8800,
0x00000175013c7800, 0x00000175013c8000, 0x0000017502357800, 0x00000175026c8800,
0x00000175026c6800, 0x00000175026c7800, 0x00000175026c9000, 0x00000175026c5000,
0x00000175026ca000, 0x00000175026cb800, 0x00000175026cb000, 0x00000175026c6000,
0x000001750354c800, 0x000001750354e000, 0x0000017503191800, 0x000001750354d000,
0x0000017503548800, 0x0000017503552000, 0x0000017503554800, 0x0000017503551800,
0x0000017503555800, 0x000001750354f800, 0x0000017503556000, 0x0000017503550800,
0x0000017503557000, 0x0000017503553000, 0x0000017503553800, 0x00000175016bc000,
0x00000175016b9800, 0x00000175016bc800, 0x00000175016c0000, 0x00000175016ba800,
0x00000175016bb000, 0x00000175016bd800, 0x00000175016be800, 0x00000175016bf000,
0x00000175056c4800, 0x00000175056c3000, 0x00000175056c5800, 0x00000175056c6000,
0x00000175056c3800, 0x00000175056c1000, 0x00000175056c7000, 0x00000175056c7800,
0x00000175056c2000, 0x00000175056ce800, 0x00000175056c8800, 0x00000175056cc800,
0x00000175056cc000, 0x00000175056c9800, 0x00000175056cd800, 0x00000175056cf000,
0x00000175056ca000, 0x00000175056cb000, 0x00000175056d0000, 0x0000017505bb5000,
0x0000017505bb8800, 0x0000017505bb2800, 0x0000017505bb9000, 0x0000017505bb4800,
0x0000017505bb7800, 0x0000017505bb3800, 0x0000017505bbb800, 0x0000017505bbb000,
0x0000017505bb6000, 0x0000017505bbc800, 0x0000017505bb7000, 0x0000017505bba000,
0x0000017505bbd800, 0x0000017505bbe000, 0x0000017505bbf000, 0x0000017505bc0000,
0x0000017505bc0800, 0x0000017505bc1800, 0x0000017503b8d800, 0x0000017503b90000,
0x0000017503b93000, 0x0000017503b92800, 0x0000017503b91800, 0x0000017503b90800,
0x0000017503b8e800, 0x0000017503b94000, 0x0000017503b95000, 0x0000017503b8f000,
0x0000017503b96800, 0x0000017503b97800, 0x0000017503b98000, 0x0000017503b99000,
0x0000017503b95800, 0x0000017503b99800, 0x0000017503b9a800, 0x0000017503b9b800,
0x0000017503b9c000, 0x0000017505b7c000, 0x0000017505b7f000, 0x0000017505b7b000,
0x0000017505b7d800, 0x0000017505b80000, 0x0000017505b7d000, 0x0000017505b83800,
0x0000017505b84000, 0x0000017505b81000, 0x0000017505b81800, 0x0000017505b82800,
0x0000017505b7e800, 0x0000017505b86800, 0x0000017505b89000
}

Java Threads: ( => current thread )
  0x000001756516e000 JavaThread "main" [_thread_blocked, id=9004, stack(0x000000155c200000,0x000000155c300000)]
  0x000001757f63c800 JavaThread "Reference Handler" daemon [_thread_blocked, id=2440, stack(0x000000155c900000,0x000000155ca00000)]
  0x000001757f63e000 JavaThread "Finalizer" daemon [_thread_blocked, id=2468, stack(0x000000155ca00000,0x000000155cb00000)]
  0x000001750005c800 JavaThread "Signal Dispatcher" daemon [_thread_blocked, id=5868, stack(0x000000155cb00000,0x000000155cc00000)]
  0x000001750005e000 JavaThread "Attach Listener" daemon [_thread_blocked, id=9032, stack(0x000000155cc00000,0x000000155cd00000)]
  0x000001750005f000 JavaThread "Service Thread" daemon [_thread_blocked, id=12528, stack(0x000000155cd00000,0x000000155ce00000)]
  0x0000017500061800 JavaThread "C2 CompilerThread0" daemon [_thread_in_native, id=11316, stack(0x000000155ce00000,0x000000155cf00000)]
  0x0000017500067000 JavaThread "C1 CompilerThread0" daemon [_thread_blocked, id=6556, stack(0x000000155cf00000,0x000000155d000000)]
  0x0000017500068000 JavaThread "Sweeper thread" daemon [_thread_blocked, id=10428, stack(0x000000155d000000,0x000000155d100000)]
  0x00000175001d6800 JavaThread "Common-Cleaner" daemon [_thread_blocked, id=8708, stack(0x000000155d100000,0x000000155d200000)]
  0x000001750285e800 JavaThread "Daemon health stats" [_thread_blocked, id=10912, stack(0x000000155d600000,0x000000155d700000)]
  0x00000175008c0800 JavaThread "Incoming local TCP Connector on port 55007" [_thread_in_native, id=2784, stack(0x000000155d300000,0x000000155d400000)]
  0x00000175013d8000 JavaThread "Daemon periodic checks" [_thread_blocked, id=5948, stack(0x000000155d400000,0x000000155d500000)]
  0x00000175002a4800 JavaThread "Daemon" [_thread_blocked, id=1088, stack(0x000000155d700000,0x000000155d800000)]
  0x00000175021d9800 JavaThread "Handler for socket connection from /127.0.0.1:55007 to /127.0.0.1:55009" [_thread_in_native, id=3492, stack(0x000000155d800000,0x000000155d900000)]
  0x00000175021a8800 JavaThread "Cancel handler" [_thread_blocked, id=11204, stack(0x000000155d900000,0x000000155da00000)]
  0x00000175013c7800 JavaThread "Daemon worker" [_thread_in_Java, id=2712, stack(0x000000155da00000,0x000000155db00000)]
  0x00000175013c8000 JavaThread "Asynchronous log dispatcher for DefaultDaemonConnection: socket connection from /127.0.0.1:55007 to /127.0.0.1:55009" [_thread_blocked, id=7124, stack(0x000000155db00000,0x000000155dc00000)]
  0x0000017502357800 JavaThread "Stdin handler" [_thread_blocked, id=3740, stack(0x000000155dc00000,0x000000155dd00000)]
  0x00000175026c8800 JavaThread "Daemon client event forwarder" [_thread_blocked, id=4556, stack(0x000000155dd00000,0x000000155de00000)]
  0x00000175026c6800 JavaThread "Cache worker for journal cache (C:\Users\Anchal\.gradle\caches\journal-1)" [_thread_blocked, id=9576, stack(0x000000155e400000,0x000000155e500000)]
  0x00000175026c7800 JavaThread "File lock request listener" [_thread_in_native, id=6444, stack(0x000000155e500000,0x000000155e600000)]
  0x00000175026c9000 JavaThread "Cache worker for file hash cache (C:\Users\Anchal\.gradle\caches\7.3.3\fileHashes)" [_thread_blocked, id=7652, stack(0x000000155e600000,0x000000155e700000)]
  0x00000175026c5000 JavaThread "Cache worker for file hash cache (C:\Users\Anchal\WhatsappClone\.gradle\7.3.3\fileHashes)" [_thread_blocked, id=4868, stack(0x000000155e900000,0x000000155ea00000)]
  0x00000175026ca000 JavaThread "File watcher server" daemon [_thread_in_native, id=11124, stack(0x000000155ea00000,0x000000155eb00000)]
  0x00000175026cb800 JavaThread "File watcher consumer" daemon [_thread_blocked, id=10032, stack(0x000000155eb00000,0x000000155ec00000)]
  0x00000175026cb000 JavaThread "Cache worker for checksums cache (C:\Users\Anchal\WhatsappClone\.gradle\7.3.3\checksums)" [_thread_blocked, id=2284, stack(0x000000155ec00000,0x000000155ed00000)]
  0x00000175026c6000 JavaThread "Cache worker for cache directory md-supplier (C:\Users\Anchal\.gradle\caches\7.3.3\md-supplier)" [_thread_blocked, id=11596, stack(0x000000155ed00000,0x000000155ee00000)]
  0x000001750354c800 JavaThread "Cache worker for cache directory md-rule (C:\Users\Anchal\.gradle\caches\7.3.3\md-rule)" [_thread_blocked, id=2272, stack(0x000000155ee00000,0x000000155ef00000)]
  0x000001750354e000 JavaThread "Cache worker for execution history cache (C:\Users\Anchal\.gradle\caches\7.3.3\executionHistory)" [_thread_blocked, id=11252, stack(0x000000155ef00000,0x000000155f000000)]
=>0x0000017503191800 JavaThread "C2 CompilerThread1" daemon [_thread_in_native, id=4920, stack(0x000000155e800000,0x000000155e900000)]
  0x000001750354d000 JavaThread "jar transforms" [_thread_blocked, id=2888, stack(0x000000155f000000,0x000000155f100000)]
  0x0000017503548800 JavaThread "Cache worker for file content cache (C:\Users\Anchal\.gradle\caches\7.3.3\fileContent)" [_thread_blocked, id=12520, stack(0x000000155f100000,0x000000155f200000)]
  0x0000017503552000 JavaThread "jar transforms Thread 2" [_thread_blocked, id=11508, stack(0x000000155f200000,0x000000155f300000)]
  0x0000017503554800 JavaThread "Cache worker for dependencies-accessors (C:\Users\Anchal\WhatsappClone\.gradle\7.3.3\dependencies-accessors)" [_thread_blocked, id=6068, stack(0x000000155f300000,0x000000155f400000)]
  0x0000017503551800 JavaThread "jar transforms Thread 3" [_thread_blocked, id=276, stack(0x000000155f400000,0x000000155f500000)]
  0x0000017503555800 JavaThread "Cache worker for Build Output Cleanup Cache (C:\Users\Anchal\WhatsappClone\.gradle\buildOutputCleanup)" [_thread_blocked, id=4792, stack(0x000000155f500000,0x000000155f600000)]
  0x000001750354f800 JavaThread "Unconstrained build operations" [_thread_blocked, id=8060, stack(0x000000155f600000,0x000000155f700000)]
  0x0000017503556000 JavaThread "Unconstrained build operations Thread 2" [_thread_blocked, id=3780, stack(0x000000155f700000,0x000000155f800000)]
  0x0000017503550800 JavaThread "Unconstrained build operations Thread 3" [_thread_blocked, id=2308, stack(0x000000155f800000,0x000000155f900000)]
  0x0000017503557000 JavaThread "Unconstrained build operations Thread 4" [_thread_blocked, id=2664, stack(0x000000155f900000,0x000000155fa00000)]
  0x0000017503553000 JavaThread "Unconstrained build operations Thread 5" [_thread_blocked, id=3716, stack(0x000000155fa00000,0x000000155fb00000)]
  0x0000017503553800 JavaThread "Unconstrained build operations Thread 6" [_thread_blocked, id=10328, stack(0x000000155fb00000,0x000000155fc00000)]
  0x00000175016bc000 JavaThread "Unconstrained build operations Thread 7" [_thread_blocked, id=8984, stack(0x000000155fc00000,0x000000155fd00000)]
  0x00000175016b9800 JavaThread "Unconstrained build operations Thread 8" [_thread_blocked, id=3820, stack(0x000000155fd00000,0x000000155fe00000)]
  0x00000175016bc800 JavaThread "Unconstrained build operations Thread 9" [_thread_blocked, id=5512, stack(0x000000155fe00000,0x000000155ff00000)]
  0x00000175016c0000 JavaThread "Unconstrained build operations Thread 10" [_thread_blocked, id=7888, stack(0x000000155ff00000,0x0000001560000000)]
  0x00000175016ba800 JavaThread "Unconstrained build operations Thread 11" [_thread_blocked, id=3096, stack(0x0000001560000000,0x0000001560100000)]
  0x00000175016bb000 JavaThread "Unconstrained build operations Thread 12" [_thread_blocked, id=2876, stack(0x0000001560100000,0x0000001560200000)]
  0x00000175016bd800 JavaThread "Unconstrained build operations Thread 13" [_thread_blocked, id=1028, stack(0x0000001560200000,0x0000001560300000)]
  0x00000175016be800 JavaThread "Unconstrained build operations Thread 14" [_thread_blocked, id=8744, stack(0x0000001560300000,0x0000001560400000)]
  0x00000175016bf000 JavaThread "Unconstrained build operations Thread 15" [_thread_blocked, id=3364, stack(0x0000001560400000,0x0000001560500000)]
  0x00000175056c4800 JavaThread "Unconstrained build operations Thread 16" [_thread_blocked, id=9104, stack(0x0000001560500000,0x0000001560600000)]
  0x00000175056c3000 JavaThread "Unconstrained build operations Thread 17" [_thread_blocked, id=10008, stack(0x0000001560600000,0x0000001560700000)]
  0x00000175056c5800 JavaThread "Unconstrained build operations Thread 18" [_thread_blocked, id=4692, stack(0x0000001560700000,0x0000001560800000)]
  0x00000175056c6000 JavaThread "Unconstrained build operations Thread 19" [_thread_blocked, id=7352, stack(0x0000001560800000,0x0000001560900000)]
  0x00000175056c3800 JavaThread "Unconstrained build operations Thread 20" [_thread_blocked, id=12020, stack(0x0000001560900000,0x0000001560a00000)]
  0x00000175056c1000 JavaThread "Unconstrained build operations Thread 21" [_thread_blocked, id=2452, stack(0x0000001560a00000,0x0000001560b00000)]
  0x00000175056c7000 JavaThread "Unconstrained build operations Thread 22" [_thread_blocked, id=5280, stack(0x0000001560b00000,0x0000001560c00000)]
  0x00000175056c7800 JavaThread "Unconstrained build operations Thread 23" [_thread_blocked, id=12212, stack(0x0000001560c00000,0x0000001560d00000)]
  0x00000175056c2000 JavaThread "Unconstrained build operations Thread 24" [_thread_blocked, id=11408, stack(0x0000001560d00000,0x0000001560e00000)]
  0x00000175056ce800 JavaThread "Unconstrained build operations Thread 25" [_thread_blocked, id=11484, stack(0x0000001560e00000,0x0000001560f00000)]
  0x00000175056c8800 JavaThread "Unconstrained build operations Thread 26" [_thread_blocked, id=10748, stack(0x0000001560f00000,0x0000001561000000)]
  0x00000175056cc800 JavaThread "Unconstrained build operations Thread 27" [_thread_blocked, id=10248, stack(0x0000001561000000,0x0000001561100000)]
  0x00000175056cc000 JavaThread "Unconstrained build operations Thread 28" [_thread_blocked, id=11656, stack(0x0000001561100000,0x0000001561200000)]
  0x00000175056c9800 JavaThread "Unconstrained build operations Thread 29" [_thread_blocked, id=11968, stack(0x0000001561200000,0x0000001561300000)]
  0x00000175056cd800 JavaThread "Unconstrained build operations Thread 30" [_thread_blocked, id=5528, stack(0x0000001561300000,0x0000001561400000)]
  0x00000175056cf000 JavaThread "Unconstrained build operations Thread 31" [_thread_blocked, id=6244, stack(0x0000001561400000,0x0000001561500000)]
  0x00000175056ca000 JavaThread "Unconstrained build operations Thread 32" [_thread_blocked, id=5928, stack(0x0000001561500000,0x0000001561600000)]
  0x00000175056cb000 JavaThread "Unconstrained build operations Thread 33" [_thread_blocked, id=3244, stack(0x0000001561600000,0x0000001561700000)]
  0x00000175056d0000 JavaThread "Unconstrained build operations Thread 34" [_thread_blocked, id=6372, stack(0x0000001561700000,0x0000001561800000)]
  0x0000017505bb5000 JavaThread "Unconstrained build operations Thread 35" [_thread_blocked, id=9804, stack(0x0000001561800000,0x0000001561900000)]
  0x0000017505bb8800 JavaThread "Unconstrained build operations Thread 36" [_thread_blocked, id=1716, stack(0x0000001561900000,0x0000001561a00000)]
  0x0000017505bb2800 JavaThread "Unconstrained build operations Thread 37" [_thread_blocked, id=7132, stack(0x0000001561a00000,0x0000001561b00000)]
  0x0000017505bb9000 JavaThread "Unconstrained build operations Thread 38" [_thread_blocked, id=428, stack(0x0000001561b00000,0x0000001561c00000)]
  0x0000017505bb4800 JavaThread "Unconstrained build operations Thread 39" [_thread_blocked, id=8364, stack(0x0000001561c00000,0x0000001561d00000)]
  0x0000017505bb7800 JavaThread "Unconstrained build operations Thread 40" [_thread_blocked, id=1984, stack(0x0000001561d00000,0x0000001561e00000)]
  0x0000017505bb3800 JavaThread "Unconstrained build operations Thread 41" [_thread_blocked, id=11732, stack(0x0000001561e00000,0x0000001561f00000)]
  0x0000017505bbb800 JavaThread "Unconstrained build operations Thread 42" [_thread_blocked, id=12092, stack(0x0000001561f00000,0x0000001562000000)]
  0x0000017505bbb000 JavaThread "Unconstrained build operations Thread 43" [_thread_blocked, id=6432, stack(0x0000001562000000,0x0000001562100000)]
  0x0000017505bb6000 JavaThread "Unconstrained build operations Thread 44" [_thread_blocked, id=6348, stack(0x0000001562100000,0x0000001562200000)]
  0x0000017505bbc800 JavaThread "Unconstrained build operations Thread 45" [_thread_blocked, id=10700, stack(0x0000001562200000,0x0000001562300000)]
  0x0000017505bb7000 JavaThread "Unconstrained build operations Thread 46" [_thread_blocked, id=9812, stack(0x0000001562300000,0x0000001562400000)]
  0x0000017505bba000 JavaThread "Unconstrained build operations Thread 47" [_thread_blocked, id=10768, stack(0x0000001562400000,0x0000001562500000)]
  0x0000017505bbd800 JavaThread "Unconstrained build operations Thread 48" [_thread_blocked, id=6360, stack(0x0000001562500000,0x0000001562600000)]
  0x0000017505bbe000 JavaThread "Unconstrained build operations Thread 49" [_thread_blocked, id=7944, stack(0x0000001562600000,0x0000001562700000)]
  0x0000017505bbf000 JavaThread "Unconstrained build operations Thread 50" [_thread_blocked, id=6644, stack(0x0000001562700000,0x0000001562800000)]
  0x0000017505bc0000 JavaThread "Unconstrained build operations Thread 51" [_thread_blocked, id=11668, stack(0x0000001562800000,0x0000001562900000)]
  0x0000017505bc0800 JavaThread "Unconstrained build operations Thread 52" [_thread_blocked, id=6688, stack(0x0000001562900000,0x0000001562a00000)]
  0x0000017505bc1800 JavaThread "Unconstrained build operations Thread 53" [_thread_blocked, id=2904, stack(0x0000001562a00000,0x0000001562b00000)]
  0x0000017503b8d800 JavaThread "Unconstrained build operations Thread 54" [_thread_blocked, id=11108, stack(0x0000001562b00000,0x0000001562c00000)]
  0x0000017503b90000 JavaThread "Unconstrained build operations Thread 55" [_thread_blocked, id=13196, stack(0x0000001562c00000,0x0000001562d00000)]
  0x0000017503b93000 JavaThread "Unconstrained build operations Thread 56" [_thread_blocked, id=6452, stack(0x0000001562d00000,0x0000001562e00000)]
  0x0000017503b92800 JavaThread "Unconstrained build operations Thread 57" [_thread_blocked, id=2604, stack(0x0000001562e00000,0x0000001562f00000)]
  0x0000017503b91800 JavaThread "Unconstrained build operations Thread 58" [_thread_blocked, id=12428, stack(0x0000001562f00000,0x0000001563000000)]
  0x0000017503b90800 JavaThread "Unconstrained build operations Thread 59" [_thread_blocked, id=3016, stack(0x0000001563000000,0x0000001563100000)]
  0x0000017503b8e800 JavaThread "Unconstrained build operations Thread 60" [_thread_blocked, id=13188, stack(0x0000001563100000,0x0000001563200000)]
  0x0000017503b94000 JavaThread "Unconstrained build operations Thread 61" [_thread_blocked, id=7712, stack(0x0000001563200000,0x0000001563300000)]
  0x0000017503b95000 JavaThread "Unconstrained build operations Thread 62" [_thread_blocked, id=12160, stack(0x0000001563300000,0x0000001563400000)]
  0x0000017503b8f000 JavaThread "Unconstrained build operations Thread 63" [_thread_blocked, id=6652, stack(0x0000001563400000,0x0000001563500000)]
  0x0000017503b96800 JavaThread "Unconstrained build operations Thread 64" [_thread_blocked, id=11816, stack(0x0000001563500000,0x0000001563600000)]
  0x0000017503b97800 JavaThread "Unconstrained build operations Thread 65" [_thread_blocked, id=10100, stack(0x0000001563600000,0x0000001563700000)]
  0x0000017503b98000 JavaThread "Unconstrained build operations Thread 66" [_thread_blocked, id=10532, stack(0x0000001563700000,0x0000001563800000)]
  0x0000017503b99000 JavaThread "Unconstrained build operations Thread 67" [_thread_blocked, id=11060, stack(0x0000001563800000,0x0000001563900000)]
  0x0000017503b95800 JavaThread "Unconstrained build operations Thread 68" [_thread_blocked, id=8828, stack(0x0000001563900000,0x0000001563a00000)]
  0x0000017503b99800 JavaThread "Unconstrained build operations Thread 69" [_thread_blocked, id=1692, stack(0x0000001563a00000,0x0000001563b00000)]
  0x0000017503b9a800 JavaThread "Unconstrained build operations Thread 70" [_thread_blocked, id=7740, stack(0x0000001563b00000,0x0000001563c00000)]
  0x0000017503b9b800 JavaThread "Unconstrained build operations Thread 71" [_thread_blocked, id=3924, stack(0x0000001563c00000,0x0000001563d00000)]
  0x0000017503b9c000 JavaThread "Unconstrained build operations Thread 72" [_thread_blocked, id=12868, stack(0x0000001563d00000,0x0000001563e00000)]
  0x0000017505b7c000 JavaThread "Unconstrained build operations Thread 73" [_thread_blocked, id=8660, stack(0x0000001563e00000,0x0000001563f00000)]
  0x0000017505b7f000 JavaThread "Unconstrained build operations Thread 74" [_thread_blocked, id=9048, stack(0x0000001563f00000,0x0000001564000000)]
  0x0000017505b7b000 JavaThread "Unconstrained build operations Thread 75" [_thread_blocked, id=10884, stack(0x0000001564000000,0x0000001564100000)]
  0x0000017505b7d800 JavaThread "Unconstrained build operations Thread 76" [_thread_blocked, id=2872, stack(0x0000001564100000,0x0000001564200000)]
  0x0000017505b80000 JavaThread "Unconstrained build operations Thread 77" [_thread_blocked, id=6492, stack(0x0000001564200000,0x0000001564300000)]
  0x0000017505b7d000 JavaThread "Unconstrained build operations Thread 78" [_thread_blocked, id=3784, stack(0x0000001564300000,0x0000001564400000)]
  0x0000017505b83800 JavaThread "Unconstrained build operations Thread 79" [_thread_blocked, id=7700, stack(0x0000001564400000,0x0000001564500000)]
  0x0000017505b84000 JavaThread "Unconstrained build operations Thread 80" [_thread_blocked, id=12844, stack(0x0000001564500000,0x0000001564600000)]
  0x0000017505b81000 JavaThread "jar transforms Thread 4" [_thread_blocked, id=2016, stack(0x0000001564600000,0x0000001564700000)]
  0x0000017505b81800 JavaThread "jar transforms Thread 5" [_thread_blocked, id=3164, stack(0x0000001564700000,0x0000001564800000)]
  0x0000017505b82800 JavaThread "jar transforms Thread 6" [_thread_blocked, id=7076, stack(0x0000001564800000,0x0000001564900000)]
  0x0000017505b7e800 JavaThread "jar transforms Thread 7" [_thread_blocked, id=8096, stack(0x0000001564900000,0x0000001564a00000)]
  0x0000017505b86800 JavaThread "jar transforms Thread 8" [_thread_blocked, id=6364, stack(0x0000001564a00000,0x0000001564b00000)]
  0x0000017505b89000 JavaThread "Memory manager" [_thread_blocked, id=9332, stack(0x0000001564b00000,0x0000001564c00000)]

Other Threads:
  0x000001750000c000 VMThread "VM Thread" [stack: 0x000000155c800000,0x000000155c900000] [id=9300]
  0x00000175001e5800 WatcherThread [stack: 0x000000155d200000,0x000000155d300000] [id=8520]
  0x0000017565186000 GCTaskThread "GC Thread#0" [stack: 0x000000155c300000,0x000000155c400000] [id=8324]
  0x0000017500ff1000 GCTaskThread "GC Thread#1" [stack: 0x000000155d500000,0x000000155d600000] [id=7488]
  0x00000175016ff800 GCTaskThread "GC Thread#2" [stack: 0x000000155de00000,0x000000155df00000] [id=5332]
  0x000001750180c800 GCTaskThread "GC Thread#3" [stack: 0x000000155df00000,0x000000155e000000] [id=12388]
  0x0000017501a51800 GCTaskThread "GC Thread#4" [stack: 0x000000155e000000,0x000000155e100000] [id=12928]
  0x0000017500b0f800 GCTaskThread "GC Thread#5" [stack: 0x000000155e100000,0x000000155e200000] [id=12948]
  0x00000175022a0000 GCTaskThread "GC Thread#6" [stack: 0x000000155e200000,0x000000155e300000] [id=12960]
  0x0000017500836800 GCTaskThread "GC Thread#7" [stack: 0x000000155e300000,0x000000155e400000] [id=12964]
  0x00000175651b7800 ConcurrentGCThread "G1 Main Marker" [stack: 0x000000155c400000,0x000000155c500000] [id=928]
  0x00000175651b8800 ConcurrentGCThread "G1 Conc#0" [stack: 0x000000155c500000,0x000000155c600000] [id=6352]
  0x00000175028f6800 ConcurrentGCThread "G1 Conc#1" [stack: 0x000000155e700000,0x000000155e800000] [id=6200]
  0x000001757f47d800 ConcurrentGCThread "G1 Refine#0" [stack: 0x000000155c600000,0x000000155c700000] [id=4852]
  0x000001757f47e800 ConcurrentGCThread "G1 Young RemSet Sampling" [stack: 0x000000155c700000,0x000000155c800000] [id=9856]

Threads with active compile tasks:
C2 CompilerThread0  11013 6531       4       groovy.lang.MetaClassImpl$1MOPIter::methodNameAction (325 bytes)
C2 CompilerThread1  11013 6528       4       groovy.lang.MetaClassImpl::addMetaMethodToIndex (65 bytes)

VM state:not at safepoint (normal execution)

VM Mutex/Monitor currently owned by a thread: None

Heap address: 0x0000000080000000, size: 2048 MB, Compressed Oops mode: 32-bit
Narrow klass base: 0x0000000000000000, Narrow klass shift: 3
Compressed class space size: 1073741824 Address: 0x0000000100000000

Heap:
 garbage-first heap   total 152576K, used 102260K [0x0000000080000000, 0x0000000100000000)
  region size 1024K, 55 young (56320K), 7 survivors (7168K)
 Metaspace       used 65836K, capacity 67597K, committed 67884K, reserved 1107968K
  class space    used 8406K, capacity 9018K, committed 9088K, reserved 1048576K
Heap Regions: E=young(eden), S=young(survivor), O=old, HS=humongous(starts), HC=humongous(continues), CS=collection set, F=free, A=archive, TAMS=top-at-mark-start (previous, next)
|   0|0x0000000080000000, 0x0000000080100000, 0x0000000080100000|100%| O|  |TAMS 0x0000000080100000, 0x0000000080000000| Untracked 
|   1|0x0000000080100000, 0x0000000080200000, 0x0000000080200000|100%| O|  |TAMS 0x0000000080200000, 0x0000000080100000| Untracked 
|   2|0x0000000080200000, 0x0000000080300000, 0x0000000080300000|100%| O|  |TAMS 0x0000000080300000, 0x0000000080200000| Untracked 
|   3|0x0000000080300000, 0x0000000080400000, 0x0000000080400000|100%|HS|  |TAMS 0x0000000080400000, 0x0000000080300000| Complete 
|   4|0x0000000080400000, 0x0000000080500000, 0x0000000080500000|100%|HC|  |TAMS 0x0000000080500000, 0x0000000080400000| Complete 
|   5|0x0000000080500000, 0x0000000080600000, 0x0000000080600000|100%|HC|  |TAMS 0x0000000080600000, 0x0000000080500000| Complete 
|   6|0x0000000080600000, 0x0000000080700000, 0x0000000080700000|100%| O|  |TAMS 0x0000000080700000, 0x0000000080600000| Untracked 
|   7|0x0000000080700000, 0x0000000080800000, 0x0000000080800000|100%| O|  |TAMS 0x0000000080800000, 0x0000000080700000| Untracked 
|   8|0x0000000080800000, 0x0000000080900000, 0x0000000080900000|100%| O|  |TAMS 0x0000000080900000, 0x0000000080800000| Untracked 
|   9|0x0000000080900000, 0x0000000080a00000, 0x0000000080a00000|100%| O|  |TAMS 0x0000000080a00000, 0x0000000080900000| Untracked 
|  10|0x0000000080a00000, 0x0000000080b00000, 0x0000000080b00000|100%| O|  |TAMS 0x0000000080b00000, 0x0000000080a00000| Untracked 
|  11|0x0000000080b00000, 0x0000000080c00000, 0x0000000080c00000|100%| O|  |TAMS 0x0000000080c00000, 0x0000000080b00000| Untracked 
|  12|0x0000000080c00000, 0x0000000080d00000, 0x0000000080d00000|100%| O|  |TAMS 0x0000000080d00000, 0x0000000080c00000| Untracked 
|  13|0x0000000080d00000, 0x0000000080e00000, 0x0000000080e00000|100%| O|  |TAMS 0x0000000080e00000, 0x0000000080d00000| Untracked 
|  14|0x0000000080e00000, 0x0000000080f00000, 0x0000000080f00000|100%| O|  |TAMS 0x0000000080f00000, 0x0000000080e00000| Untracked 
|  15|0x0000000080f00000, 0x0000000081000000, 0x0000000081000000|100%| O|  |TAMS 0x0000000081000000, 0x0000000080f00000| Untracked 
|  16|0x0000000081000000, 0x0000000081100000, 0x0000000081100000|100%|HS|  |TAMS 0x0000000081100000, 0x0000000081000000| Complete 
|  17|0x0000000081100000, 0x0000000081200000, 0x0000000081200000|100%| O|  |TAMS 0x0000000081200000, 0x0000000081100000| Untracked 
|  18|0x0000000081200000, 0x0000000081300000, 0x0000000081300000|100%| O|  |TAMS 0x0000000081300000, 0x0000000081200000| Untracked 
|  19|0x0000000081300000, 0x0000000081400000, 0x0000000081400000|100%| O|  |TAMS 0x0000000081400000, 0x0000000081300000| Untracked 
|  20|0x0000000081400000, 0x0000000081500000, 0x0000000081500000|100%| O|  |TAMS 0x0000000081500000, 0x0000000081400000| Untracked 
|  21|0x0000000081500000, 0x0000000081600000, 0x0000000081600000|100%| O|  |TAMS 0x0000000081600000, 0x0000000081500000| Untracked 
|  22|0x0000000081600000, 0x0000000081700000, 0x0000000081700000|100%| O|  |TAMS 0x0000000081700000, 0x0000000081600000| Untracked 
|  23|0x0000000081700000, 0x0000000081800000, 0x0000000081800000|100%| O|  |TAMS 0x0000000081800000, 0x0000000081700000| Untracked 
|  24|0x0000000081800000, 0x0000000081900000, 0x0000000081900000|100%|HS|  |TAMS 0x0000000081900000, 0x0000000081800000| Complete 
|  25|0x0000000081900000, 0x0000000081a00000, 0x0000000081a00000|100%| O|  |TAMS 0x0000000081a00000, 0x0000000081900000| Untracked 
|  26|0x0000000081a00000, 0x0000000081b00000, 0x0000000081b00000|100%| O|  |TAMS 0x0000000081b00000, 0x0000000081a00000| Untracked 
|  27|0x0000000081b00000, 0x0000000081c00000, 0x0000000081c00000|100%| O|  |TAMS 0x0000000081c00000, 0x0000000081b00000| Untracked 
|  28|0x0000000081c00000, 0x0000000081d00000, 0x0000000081d00000|100%| O|  |TAMS 0x0000000081d00000, 0x0000000081c00000| Untracked 
|  29|0x0000000081d00000, 0x0000000081e00000, 0x0000000081e00000|100%| O|  |TAMS 0x0000000081e00000, 0x0000000081d00000| Untracked 
|  30|0x0000000081e00000, 0x0000000081f00000, 0x0000000081f00000|100%|HS|  |TAMS 0x0000000081f00000, 0x0000000081e00000| Complete 
|  31|0x0000000081f00000, 0x0000000082000000, 0x0000000082000000|100%|HC|  |TAMS 0x0000000082000000, 0x0000000081f00000| Complete 
|  32|0x0000000082000000, 0x0000000082100000, 0x0000000082100000|100%| O|  |TAMS 0x0000000082100000, 0x0000000082000000| Untracked 
|  33|0x0000000082100000, 0x0000000082200000, 0x0000000082200000|100%| O|  |TAMS 0x0000000082200000, 0x0000000082100000| Untracked 
|  34|0x0000000082200000, 0x0000000082300000, 0x0000000082300000|100%| O|  |TAMS 0x0000000082300000, 0x0000000082200000| Untracked 
|  35|0x0000000082300000, 0x0000000082400000, 0x0000000082400000|100%| O|  |TAMS 0x0000000082400000, 0x0000000082300000| Untracked 
|  36|0x0000000082400000, 0x0000000082500000, 0x0000000082500000|100%| O|  |TAMS 0x0000000082500000, 0x0000000082400000| Untracked 
|  37|0x0000000082500000, 0x0000000082600000, 0x0000000082600000|100%| O|  |TAMS 0x0000000082600000, 0x0000000082500000| Untracked 
|  38|0x0000000082600000, 0x0000000082700000, 0x0000000082700000|100%| O|  |TAMS 0x0000000082700000, 0x0000000082600000| Untracked 
|  39|0x0000000082700000, 0x0000000082800000, 0x0000000082800000|100%| O|  |TAMS 0x0000000082800000, 0x0000000082700000| Untracked 
|  40|0x0000000082800000, 0x0000000082900000, 0x0000000082900000|100%| O|  |TAMS 0x0000000082900000, 0x0000000082800000| Untracked 
|  41|0x0000000082900000, 0x0000000082a00000, 0x0000000082a00000|100%| O|  |TAMS 0x0000000082a00000, 0x0000000082900000| Untracked 
|  42|0x0000000082a00000, 0x0000000082b00000, 0x0000000082b00000|100%| O|  |TAMS 0x0000000082b00000, 0x0000000082a00000| Untracked 
|  43|0x0000000082b00000, 0x0000000082c00000, 0x0000000082c00000|100%| O|  |TAMS 0x0000000082c00000, 0x0000000082b00000| Untracked 
|  44|0x0000000082c00000, 0x0000000082d00000, 0x0000000082d00000|100%| O|  |TAMS 0x0000000082d00000, 0x0000000082c00000| Untracked 
|  45|0x0000000082d00000, 0x0000000082ddde00, 0x0000000082e00000| 86%| O|  |TAMS 0x0000000082ddde00, 0x0000000082d00000| Untracked 
|  46|0x0000000082e00000, 0x0000000082e00000, 0x0000000082f00000|  0%| F|  |TAMS 0x0000000082e00000, 0x0000000082e00000| Untracked 
|  47|0x0000000082f00000, 0x0000000082f00000, 0x0000000083000000|  0%| F|  |TAMS 0x0000000082f00000, 0x0000000082f00000| Untracked 
|  48|0x0000000083000000, 0x0000000083000000, 0x0000000083100000|  0%| F|  |TAMS 0x0000000083000000, 0x0000000083000000| Untracked 
|  49|0x0000000083100000, 0x0000000083100000, 0x0000000083200000|  0%| F|  |TAMS 0x0000000083100000, 0x0000000083100000| Untracked 
|  50|0x0000000083200000, 0x0000000083200000, 0x0000000083300000|  0%| F|  |TAMS 0x0000000083200000, 0x0000000083200000| Untracked 
|  51|0x0000000083300000, 0x0000000083300000, 0x0000000083400000|  0%| F|  |TAMS 0x0000000083300000, 0x0000000083300000| Untracked 
|  52|0x0000000083400000, 0x0000000083400000, 0x0000000083500000|  0%| F|  |TAMS 0x0000000083400000, 0x0000000083400000| Untracked 
|  53|0x0000000083500000, 0x0000000083500000, 0x0000000083600000|  0%| F|  |TAMS 0x0000000083500000, 0x0000000083500000| Untracked 
|  54|0x0000000083600000, 0x0000000083600000, 0x0000000083700000|  0%| F|  |TAMS 0x0000000083600000, 0x0000000083600000| Untracked 
|  55|0x0000000083700000, 0x0000000083700000, 0x0000000083800000|  0%| F|  |TAMS 0x0000000083700000, 0x0000000083700000| Untracked 
|  56|0x0000000083800000, 0x0000000083800000, 0x0000000083900000|  0%| F|  |TAMS 0x0000000083800000, 0x0000000083800000| Untracked 
|  57|0x0000000083900000, 0x0000000083900000, 0x0000000083a00000|  0%| F|  |TAMS 0x0000000083900000, 0x0000000083900000| Untracked 
|  58|0x0000000083a00000, 0x0000000083a00000, 0x0000000083b00000|  0%| F|  |TAMS 0x0000000083a00000, 0x0000000083a00000| Untracked 
|  59|0x0000000083b00000, 0x0000000083b00000, 0x0000000083c00000|  0%| F|  |TAMS 0x0000000083b00000, 0x0000000083b00000| Untracked 
|  60|0x0000000083c00000, 0x0000000083c00000, 0x0000000083d00000|  0%| F|  |TAMS 0x0000000083c00000, 0x0000000083c00000| Untracked 
|  61|0x0000000083d00000, 0x0000000083d00000, 0x0000000083e00000|  0%| F|  |TAMS 0x0000000083d00000, 0x0000000083d00000| Untracked 
|  62|0x0000000083e00000, 0x0000000083e00000, 0x0000000083f00000|  0%| F|  |TAMS 0x0000000083e00000, 0x0000000083e00000| Untracked 
|  63|0x0000000083f00000, 0x0000000083f00000, 0x0000000084000000|  0%| F|  |TAMS 0x0000000083f00000, 0x0000000083f00000| Untracked 
|  64|0x0000000084000000, 0x0000000084000000, 0x0000000084100000|  0%| F|  |TAMS 0x0000000084000000, 0x0000000084000000| Untracked 
|  65|0x0000000084100000, 0x0000000084100000, 0x0000000084200000|  0%| F|  |TAMS 0x0000000084100000, 0x0000000084100000| Untracked 
|  66|0x0000000084200000, 0x0000000084200000, 0x0000000084300000|  0%| F|  |TAMS 0x0000000084200000, 0x0000000084200000| Untracked 
|  67|0x0000000084300000, 0x0000000084300000, 0x0000000084400000|  0%| F|  |TAMS 0x0000000084300000, 0x0000000084300000| Untracked 
|  68|0x0000000084400000, 0x0000000084400000, 0x0000000084500000|  0%| F|  |TAMS 0x0000000084400000, 0x0000000084400000| Untracked 
|  69|0x0000000084500000, 0x0000000084500000, 0x0000000084600000|  0%| F|  |TAMS 0x0000000084500000, 0x0000000084500000| Untracked 
|  70|0x0000000084600000, 0x0000000084600000, 0x0000000084700000|  0%| F|  |TAMS 0x0000000084600000, 0x0000000084600000| Untracked 
|  71|0x0000000084700000, 0x0000000084700000, 0x0000000084800000|  0%| F|  |TAMS 0x0000000084700000, 0x0000000084700000| Untracked 
|  72|0x0000000084800000, 0x0000000084800000, 0x0000000084900000|  0%| F|  |TAMS 0x0000000084800000, 0x0000000084800000| Untracked 
|  73|0x0000000084900000, 0x00000000849ff480, 0x0000000084a00000| 99%| S|CS|TAMS 0x0000000084900000, 0x0000000084900000| Complete 
|  74|0x0000000084a00000, 0x0000000084b00000, 0x0000000084b00000|100%| S|CS|TAMS 0x0000000084a00000, 0x0000000084a00000| Complete 
|  75|0x0000000084b00000, 0x0000000084c00000, 0x0000000084c00000|100%| S|CS|TAMS 0x0000000084b00000, 0x0000000084b00000| Complete 
|  76|0x0000000084c00000, 0x0000000084d00000, 0x0000000084d00000|100%| S|CS|TAMS 0x0000000084c00000, 0x0000000084c00000| Complete 
|  77|0x0000000084d00000, 0x0000000084e00000, 0x0000000084e00000|100%| S|CS|TAMS 0x0000000084d00000, 0x0000000084d00000| Complete 
|  78|0x0000000084e00000, 0x0000000084f00000, 0x0000000084f00000|100%| S|CS|TAMS 0x0000000084e00000, 0x0000000084e00000| Complete 
|  79|0x0000000084f00000, 0x0000000085000000, 0x0000000085000000|100%| S|CS|TAMS 0x0000000084f00000, 0x0000000084f00000| Complete 
|  80|0x0000000085000000, 0x0000000085000000, 0x0000000085100000|  0%| F|  |TAMS 0x0000000085000000, 0x0000000085000000| Untracked 
|  81|0x0000000085100000, 0x0000000085100000, 0x0000000085200000|  0%| F|  |TAMS 0x0000000085100000, 0x0000000085100000| Untracked 
|  82|0x0000000085200000, 0x0000000085200000, 0x0000000085300000|  0%| F|  |TAMS 0x0000000085200000, 0x0000000085200000| Untracked 
|  83|0x0000000085300000, 0x0000000085300000, 0x0000000085400000|  0%| F|  |TAMS 0x0000000085300000, 0x0000000085300000| Untracked 
|  84|0x0000000085400000, 0x0000000085400000, 0x0000000085500000|  0%| F|  |TAMS 0x0000000085400000, 0x0000000085400000| Untracked 
|  85|0x0000000085500000, 0x0000000085500000, 0x0000000085600000|  0%| F|  |TAMS 0x0000000085500000, 0x0000000085500000| Untracked 
|  86|0x0000000085600000, 0x0000000085600000, 0x0000000085700000|  0%| F|  |TAMS 0x0000000085600000, 0x0000000085600000| Untracked 
|  87|0x0000000085700000, 0x0000000085700000, 0x0000000085800000|  0%| F|  |TAMS 0x0000000085700000, 0x0000000085700000| Untracked 
|  88|0x0000000085800000, 0x0000000085800000, 0x0000000085900000|  0%| F|  |TAMS 0x0000000085800000, 0x0000000085800000| Untracked 
|  89|0x0000000085900000, 0x0000000085900000, 0x0000000085a00000|  0%| F|  |TAMS 0x0000000085900000, 0x0000000085900000| Untracked 
|  90|0x0000000085a00000, 0x0000000085a00000, 0x0000000085b00000|  0%| F|  |TAMS 0x0000000085a00000, 0x0000000085a00000| Untracked 
|  91|0x0000000085b00000, 0x0000000085b00000, 0x0000000085c00000|  0%| F|  |TAMS 0x0000000085b00000, 0x0000000085b00000| Untracked 
|  92|0x0000000085c00000, 0x0000000085c00000, 0x0000000085d00000|  0%| F|  |TAMS 0x0000000085c00000, 0x0000000085c00000| Untracked 
|  93|0x0000000085d00000, 0x0000000085d00000, 0x0000000085e00000|  0%| F|  |TAMS 0x0000000085d00000, 0x0000000085d00000| Untracked 
|  94|0x0000000085e00000, 0x0000000085e00000, 0x0000000085f00000|  0%| F|  |TAMS 0x0000000085e00000, 0x0000000085e00000| Untracked 
|  95|0x0000000085f00000, 0x0000000085f00000, 0x0000000086000000|  0%| F|  |TAMS 0x0000000085f00000, 0x0000000085f00000| Untracked 
|  96|0x0000000086000000, 0x0000000086000000, 0x0000000086100000|  0%| F|  |TAMS 0x0000000086000000, 0x0000000086000000| Untracked 
|  97|0x0000000086100000, 0x0000000086100000, 0x0000000086200000|  0%| F|  |TAMS 0x0000000086100000, 0x0000000086100000| Untracked 
|  98|0x0000000086200000, 0x0000000086200000, 0x0000000086300000|  0%| F|  |TAMS 0x0000000086200000, 0x0000000086200000| Untracked 
|  99|0x0000000086300000, 0x0000000086300000, 0x0000000086400000|  0%| F|  |TAMS 0x0000000086300000, 0x0000000086300000| Untracked 
| 100|0x0000000086400000, 0x0000000086400000, 0x0000000086500000|  0%| F|  |TAMS 0x0000000086400000, 0x0000000086400000| Untracked 
| 101|0x0000000086500000, 0x0000000086580800, 0x0000000086600000| 50%| E|  |TAMS 0x0000000086500000, 0x0000000086500000| Complete 
| 102|0x0000000086600000, 0x0000000086700000, 0x0000000086700000|100%| E|CS|TAMS 0x0000000086600000, 0x0000000086600000| Complete 
| 103|0x0000000086700000, 0x0000000086800000, 0x0000000086800000|100%| E|CS|TAMS 0x0000000086700000, 0x0000000086700000| Complete 
| 104|0x0000000086800000, 0x0000000086900000, 0x0000000086900000|100%| E|CS|TAMS 0x0000000086800000, 0x0000000086800000| Complete 
| 105|0x0000000086900000, 0x0000000086a00000, 0x0000000086a00000|100%| E|CS|TAMS 0x0000000086900000, 0x0000000086900000| Complete 
| 106|0x0000000086a00000, 0x0000000086b00000, 0x0000000086b00000|100%| E|CS|TAMS 0x0000000086a00000, 0x0000000086a00000| Complete 
| 107|0x0000000086b00000, 0x0000000086c00000, 0x0000000086c00000|100%| E|CS|TAMS 0x0000000086b00000, 0x0000000086b00000| Complete 
| 108|0x0000000086c00000, 0x0000000086d00000, 0x0000000086d00000|100%| E|CS|TAMS 0x0000000086c00000, 0x0000000086c00000| Complete 
| 109|0x0000000086d00000, 0x0000000086e00000, 0x0000000086e00000|100%| E|CS|TAMS 0x0000000086d00000, 0x0000000086d00000| Complete 
| 110|0x0000000086e00000, 0x0000000086f00000, 0x0000000086f00000|100%| E|CS|TAMS 0x0000000086e00000, 0x0000000086e00000| Complete 
| 111|0x0000000086f00000, 0x0000000087000000, 0x0000000087000000|100%| E|CS|TAMS 0x0000000086f00000, 0x0000000086f00000| Complete 
| 112|0x0000000087000000, 0x0000000087100000, 0x0000000087100000|100%| E|CS|TAMS 0x0000000087000000, 0x0000000087000000| Complete 
| 113|0x0000000087100000, 0x0000000087200000, 0x0000000087200000|100%| E|CS|TAMS 0x0000000087100000, 0x0000000087100000| Complete 
| 114|0x0000000087200000, 0x0000000087300000, 0x0000000087300000|100%| E|CS|TAMS 0x0000000087200000, 0x0000000087200000| Complete 
| 115|0x0000000087300000, 0x0000000087400000, 0x0000000087400000|100%| E|CS|TAMS 0x0000000087300000, 0x0000000087300000| Complete 
| 116|0x0000000087400000, 0x0000000087500000, 0x0000000087500000|100%| E|CS|TAMS 0x0000000087400000, 0x0000000087400000| Complete 
| 117|0x0000000087500000, 0x0000000087600000, 0x0000000087600000|100%| E|CS|TAMS 0x0000000087500000, 0x0000000087500000| Complete 
| 118|0x0000000087600000, 0x0000000087700000, 0x0000000087700000|100%| E|CS|TAMS 0x0000000087600000, 0x0000000087600000| Complete 
| 119|0x0000000087700000, 0x0000000087800000, 0x0000000087800000|100%| E|CS|TAMS 0x0000000087700000, 0x0000000087700000| Complete 
| 120|0x0000000087800000, 0x0000000087900000, 0x0000000087900000|100%| E|CS|TAMS 0x0000000087800000, 0x0000000087800000| Complete 
| 121|0x0000000087900000, 0x0000000087a00000, 0x0000000087a00000|100%| E|CS|TAMS 0x0000000087900000, 0x0000000087900000| Complete 
| 122|0x0000000087a00000, 0x0000000087b00000, 0x0000000087b00000|100%| E|CS|TAMS 0x0000000087a00000, 0x0000000087a00000| Complete 
| 123|0x0000000087b00000, 0x0000000087c00000, 0x0000000087c00000|100%| E|CS|TAMS 0x0000000087b00000, 0x0000000087b00000| Complete 
| 124|0x0000000087c00000, 0x0000000087d00000, 0x0000000087d00000|100%| E|CS|TAMS 0x0000000087c00000, 0x0000000087c00000| Complete 
| 125|0x0000000087d00000, 0x0000000087e00000, 0x0000000087e00000|100%| E|CS|TAMS 0x0000000087d00000, 0x0000000087d00000| Complete 
| 126|0x0000000087e00000, 0x0000000087f00000, 0x0000000087f00000|100%| E|CS|TAMS 0x0000000087e00000, 0x0000000087e00000| Complete 
| 127|0x0000000087f00000, 0x0000000088000000, 0x0000000088000000|100%| E|CS|TAMS 0x0000000087f00000, 0x0000000087f00000| Complete 
| 128|0x0000000088000000, 0x0000000088100000, 0x0000000088100000|100%| E|CS|TAMS 0x0000000088000000, 0x0000000088000000| Complete 
| 129|0x0000000088100000, 0x0000000088200000, 0x0000000088200000|100%| E|CS|TAMS 0x0000000088100000, 0x0000000088100000| Complete 
| 130|0x0000000088200000, 0x0000000088300000, 0x0000000088300000|100%| E|CS|TAMS 0x0000000088200000, 0x0000000088200000| Complete 
| 131|0x0000000088300000, 0x0000000088400000, 0x0000000088400000|100%| E|CS|TAMS 0x0000000088300000, 0x0000000088300000| Complete 
| 132|0x0000000088400000, 0x0000000088500000, 0x0000000088500000|100%| E|CS|TAMS 0x0000000088400000, 0x0000000088400000| Complete 
| 133|0x0000000088500000, 0x0000000088600000, 0x0000000088600000|100%| E|CS|TAMS 0x0000000088500000, 0x0000000088500000| Complete 
| 134|0x0000000088600000, 0x0000000088700000, 0x0000000088700000|100%| E|CS|TAMS 0x0000000088600000, 0x0000000088600000| Complete 
| 135|0x0000000088700000, 0x0000000088800000, 0x0000000088800000|100%| E|CS|TAMS 0x0000000088700000, 0x0000000088700000| Complete 
| 136|0x0000000088800000, 0x0000000088900000, 0x0000000088900000|100%| E|CS|TAMS 0x0000000088800000, 0x0000000088800000| Complete 
| 137|0x0000000088900000, 0x0000000088a00000, 0x0000000088a00000|100%| E|CS|TAMS 0x0000000088900000, 0x0000000088900000| Complete 
| 138|0x0000000088a00000, 0x0000000088b00000, 0x0000000088b00000|100%| E|CS|TAMS 0x0000000088a00000, 0x0000000088a00000| Complete 
| 139|0x0000000088b00000, 0x0000000088c00000, 0x0000000088c00000|100%| E|CS|TAMS 0x0000000088b00000, 0x0000000088b00000| Complete 
| 140|0x0000000088c00000, 0x0000000088d00000, 0x0000000088d00000|100%| E|CS|TAMS 0x0000000088c00000, 0x0000000088c00000| Complete 
| 141|0x0000000088d00000, 0x0000000088e00000, 0x0000000088e00000|100%| E|CS|TAMS 0x0000000088d00000, 0x0000000088d00000| Complete 
| 142|0x0000000088e00000, 0x0000000088f00000, 0x0000000088f00000|100%| E|CS|TAMS 0x0000000088e00000, 0x0000000088e00000| Complete 
| 143|0x0000000088f00000, 0x0000000089000000, 0x0000000089000000|100%| E|CS|TAMS 0x0000000088f00000, 0x0000000088f00000| Complete 
| 144|0x0000000089000000, 0x0000000089100000, 0x0000000089100000|100%| E|CS|TAMS 0x0000000089000000, 0x0000000089000000| Complete 
| 145|0x0000000089100000, 0x0000000089200000, 0x0000000089200000|100%| E|CS|TAMS 0x0000000089100000, 0x0000000089100000| Complete 
| 146|0x0000000089200000, 0x0000000089300000, 0x0000000089300000|100%| E|CS|TAMS 0x0000000089200000, 0x0000000089200000| Complete 
| 147|0x0000000089300000, 0x0000000089400000, 0x0000000089400000|100%| E|CS|TAMS 0x0000000089300000, 0x0000000089300000| Complete 
| 148|0x0000000089400000, 0x0000000089500000, 0x0000000089500000|100%| E|CS|TAMS 0x0000000089400000, 0x0000000089400000| Complete 

Card table byte_map: [0x00000175783b0000,0x00000175787b0000] _byte_map_base: 0x0000017577fb0000

Marking Bits (Prev, Next): (CMBitMap*) 0x00000175651ae718, (CMBitMap*) 0x00000175651ae750
 Prev Bits: [0x0000017578bb0000, 0x000001757abb0000)
 Next Bits: [0x000001757abb0000, 0x000001757cbb0000)

Polling page: 0x0000017563310000

Metaspace:

Usage:
  Non-class:     57.21 MB capacity,    56.12 MB ( 98%) used,   946.93 KB (  2%) free+waste,   167.88 KB ( <1%) overhead. 
      Class:      8.81 MB capacity,     8.21 MB ( 93%) used,   529.38 KB (  6%) free+waste,    78.88 KB ( <1%) overhead. 
       Both:     66.01 MB capacity,    64.33 MB ( 97%) used,     1.44 MB (  2%) free+waste,   246.75 KB ( <1%) overhead. 

Virtual space:
  Non-class space:       58.00 MB reserved,      57.42 MB ( 99%) committed 
      Class space:        1.00 GB reserved,       8.88 MB ( <1%) committed 
             Both:        1.06 GB reserved,      66.29 MB (  6%) committed 

Chunk freelists:
   Non-Class:  25.00 KB
       Class:  6.00 KB
        Both:  31.00 KB

MaxMetaspaceSize: 17179869184.00 GB
CompressedClassSpaceSize: 1.00 GB
Initial GC threshold: 20.80 MB
Current GC threshold: 109.03 MB
CDS: off

CodeHeap 'non-profiled nmethods': size=120000Kb used=3873Kb max_used=3873Kb free=116127Kb
 bounds [0x0000017570750000, 0x0000017570b20000, 0x0000017577c80000]
CodeHeap 'profiled nmethods': size=120000Kb used=14019Kb max_used=14019Kb free=105980Kb
 bounds [0x0000017569220000, 0x0000017569fe0000, 0x0000017570750000]
CodeHeap 'non-nmethods': size=5760Kb used=2357Kb max_used=2418Kb free=3402Kb
 bounds [0x0000017568c80000, 0x0000017568ef0000, 0x0000017569220000]
 total_blobs=7416 nmethods=6562 adapters=766
 compilation: enabled
              stopped_count=0, restarted_count=0
 full_count=0

Compilation events (20 events):
Event: 10.976 Thread 0x0000017500067000 6592       1       groovy.lang.MetaClassImpl::getTheClass (5 bytes)
Event: 10.976 Thread 0x0000017500067000 nmethod 6592 0x0000017570b17810 code [0x0000017570b179c0, 0x0000017570b17a78]
Event: 10.976 Thread 0x0000017500067000 6593       1       org.gradle.api.internal.collections.AbstractIterationOrderRetainingElementSource::getInserted (5 bytes)
Event: 10.976 Thread 0x0000017500067000 nmethod 6593 0x0000017570b17b10 code [0x0000017570b17cc0, 0x0000017570b17d78]
Event: 10.976 Thread 0x0000017500067000 6594       3       java.util.Collections$SingletonList::get (41 bytes)
Event: 10.976 Thread 0x0000017500067000 nmethod 6594 0x0000017569fcaa90 code [0x0000017569fcad00, 0x0000017569fcb628]
Event: 10.976 Thread 0x0000017500067000 6596       3       org.gradle.internal.metaobject.DynamicInvokeResult::isFound (16 bytes)
Event: 10.976 Thread 0x0000017500067000 nmethod 6596 0x0000017569fcb990 code [0x0000017569fcbb40, 0x0000017569fcbcb8]
Event: 10.976 Thread 0x0000017500067000 6595       1       org.gradle.internal.metaobject.BeanDynamicObject::access$500 (5 bytes)
Event: 10.977 Thread 0x0000017500067000 nmethod 6595 0x0000017570b17e10 code [0x0000017570b17fc0, 0x0000017570b18058]
Event: 10.977 Thread 0x0000017500067000 6597       3       org.gradle.api.internal.collections.AbstractIterationOrderRetainingElementSource$RealizedElementCollectionIterator::next (46 bytes)
Event: 10.977 Thread 0x0000017500067000 nmethod 6597 0x0000017569fcbd90 code [0x0000017569fcbf80, 0x0000017569fcc348]
Event: 10.977 Thread 0x0000017500067000 6598       3       org.gradle.api.internal.collections.AbstractIterationOrderRetainingElementSource$RealizedElementCollectionIterator::checkForComodification (23 bytes)
Event: 10.977 Thread 0x0000017500067000 nmethod 6598 0x0000017569fcc510 code [0x0000017569fcc6e0, 0x0000017569fcc8e8]
Event: 10.981 Thread 0x0000017500067000 6599       3       java.lang.String::replace (149 bytes)
Event: 10.983 Thread 0x0000017500067000 nmethod 6599 0x0000017569fcca10 code [0x0000017569fccd60, 0x0000017569fcdfe8]
Event: 10.983 Thread 0x0000017500067000 6600       3       java.lang.StringLatin1::regionMatchesCI (92 bytes)
Event: 10.983 Thread 0x0000017500067000 nmethod 6600 0x0000017569fce890 code [0x0000017569fceb20, 0x0000017569fcf618]
Event: 10.987 Thread 0x0000017500067000 6601       1       org.gradle.api.internal.plugins.PluginInspector$PotentialImperativeClassPlugin::asClass (5 bytes)
Event: 10.987 Thread 0x0000017500067000 nmethod 6601 0x0000017570b18110 code [0x0000017570b182c0, 0x0000017570b18378]

GC Heap History (20 events):
Event: 2.543 GC heap before
{Heap before GC invocations=1 (full 0):
 garbage-first heap   total 126976K, used 82373K [0x0000000080000000, 0x0000000100000000)
  region size 1024K, 74 young (75776K), 3 survivors (3072K)
 Metaspace       used 17494K, capacity 17877K, committed 18176K, reserved 1064960K
  class space    used 2065K, capacity 2179K, committed 2304K, reserved 1048576K
}
Event: 2.550 GC heap after
{Heap after GC invocations=2 (full 0):
 garbage-first heap   total 126976K, used 16166K [0x0000000080000000, 0x0000000100000000)
  region size 1024K, 10 young (10240K), 10 survivors (10240K)
 Metaspace       used 17494K, capacity 17877K, committed 18176K, reserved 1064960K
  class space    used 2065K, capacity 2179K, committed 2304K, reserved 1048576K
}
Event: 3.138 GC heap before
{Heap before GC invocations=2 (full 0):
 garbage-first heap   total 126976K, used 46886K [0x0000000080000000, 0x0000000100000000)
  region size 1024K, 41 young (41984K), 10 survivors (10240K)
 Metaspace       used 20742K, capacity 21140K, committed 21248K, reserved 1067008K
  class space    used 2558K, capacity 2713K, committed 2816K, reserved 1048576K
}
Event: 3.146 GC heap after
{Heap after GC invocations=3 (full 0):
 garbage-first heap   total 126976K, used 17413K [0x0000000080000000, 0x0000000100000000)
  region size 1024K, 2 young (2048K), 2 survivors (2048K)
 Metaspace       used 20742K, capacity 21140K, committed 21248K, reserved 1067008K
  class space    used 2558K, capacity 2713K, committed 2816K, reserved 1048576K
}
Event: 4.010 GC heap before
{Heap before GC invocations=4 (full 0):
 garbage-first heap   total 126976K, used 78853K [0x0000000080000000, 0x0000000100000000)
  region size 1024K, 62 young (63488K), 2 survivors (2048K)
 Metaspace       used 27055K, capacity 27660K, committed 27904K, reserved 1073152K
  class space    used 3541K, capacity 3769K, committed 3840K, reserved 1048576K
}
Event: 4.013 GC heap after
{Heap after GC invocations=5 (full 0):
 garbage-first heap   total 126976K, used 19307K [0x0000000080000000, 0x0000000100000000)
  region size 1024K, 4 young (4096K), 4 survivors (4096K)
 Metaspace       used 27055K, capacity 27660K, committed 27904K, reserved 1073152K
  class space    used 3541K, capacity 3769K, committed 3840K, reserved 1048576K
}
Event: 4.943 GC heap before
{Heap before GC invocations=5 (full 0):
 garbage-first heap   total 126976K, used 70507K [0x0000000080000000, 0x0000000100000000)
  region size 1024K, 55 young (56320K), 4 survivors (4096K)
 Metaspace       used 34896K, capacity 35718K, committed 35840K, reserved 1081344K
  class space    used 4533K, capacity 4839K, committed 4864K, reserved 1048576K
}
Event: 4.954 GC heap after
{Heap after GC invocations=6 (full 0):
 garbage-first heap   total 126976K, used 22391K [0x0000000080000000, 0x0000000100000000)
  region size 1024K, 7 young (7168K), 7 survivors (7168K)
 Metaspace       used 34896K, capacity 35718K, committed 35840K, reserved 1081344K
  class space    used 4533K, capacity 4839K, committed 4864K, reserved 1048576K
}
Event: 5.707 GC heap before
{Heap before GC invocations=7 (full 0):
 garbage-first heap   total 126976K, used 92023K [0x0000000080000000, 0x0000000100000000)
  region size 1024K, 73 young (74752K), 7 survivors (7168K)
 Metaspace       used 40180K, capacity 41157K, committed 41344K, reserved 1085440K
  class space    used 5144K, capacity 5476K, committed 5504K, reserved 1048576K
}
Event: 5.715 GC heap after
{Heap after GC invocations=8 (full 0):
 garbage-first heap   total 126976K, used 28119K [0x0000000080000000, 0x0000000100000000)
  region size 1024K, 10 young (10240K), 10 survivors (10240K)
 Metaspace       used 40180K, capacity 41157K, committed 41344K, reserved 1085440K
  class space    used 5144K, capacity 5476K, committed 5504K, reserved 1048576K
}
Event: 6.494 GC heap before
{Heap before GC invocations=8 (full 0):
 garbage-first heap   total 126976K, used 92631K [0x0000000080000000, 0x0000000100000000)
  region size 1024K, 73 young (74752K), 10 survivors (10240K)
 Metaspace       used 45557K, capacity 46683K, committed 46720K, reserved 1089536K
  class space    used 5867K, capacity 6244K, committed 6272K, reserved 1048576K
}
Event: 6.501 GC heap after
{Heap after GC invocations=9 (full 0):
 garbage-first heap   total 126976K, used 31253K [0x0000000080000000, 0x0000000100000000)
  region size 1024K, 9 young (9216K), 9 survivors (9216K)
 Metaspace       used 45557K, capacity 46683K, committed 46720K, reserved 1089536K
  class space    used 5867K, capacity 6244K, committed 6272K, reserved 1048576K
}
Event: 7.904 GC heap before
{Heap before GC invocations=9 (full 0):
 garbage-first heap   total 126976K, used 96789K [0x0000000080000000, 0x0000000100000000)
  region size 1024K, 71 young (72704K), 9 survivors (9216K)
 Metaspace       used 48451K, capacity 49722K, committed 49920K, reserved 1093632K
  class space    used 6202K, capacity 6634K, committed 6656K, reserved 1048576K
}
Event: 7.914 GC heap after
{Heap after GC invocations=10 (full 0):
 garbage-first heap   total 126976K, used 39023K [0x0000000080000000, 0x0000000100000000)
  region size 1024K, 9 young (9216K), 9 survivors (9216K)
 Metaspace       used 48451K, capacity 49722K, committed 49920K, reserved 1093632K
  class space    used 6202K, capacity 6634K, committed 6656K, reserved 1048576K
}
Event: 9.094 GC heap before
{Heap before GC invocations=10 (full 0):
 garbage-first heap   total 126976K, used 99439K [0x0000000080000000, 0x0000000100000000)
  region size 1024K, 66 young (67584K), 9 survivors (9216K)
 Metaspace       used 55005K, capacity 56458K, committed 56704K, reserved 1097728K
  class space    used 7047K, capacity 7543K, committed 7552K, reserved 1048576K
}
Event: 9.109 GC heap after
{Heap after GC invocations=11 (full 0):
 garbage-first heap   total 126976K, used 46822K [0x0000000080000000, 0x0000000100000000)
  region size 1024K, 7 young (7168K), 7 survivors (7168K)
 Metaspace       used 55005K, capacity 56458K, committed 56704K, reserved 1097728K
  class space    used 7047K, capacity 7543K, committed 7552K, reserved 1048576K
}
Event: 9.524 GC heap before
{Heap before GC invocations=11 (full 0):
 garbage-first heap   total 126976K, used 68326K [0x0000000080000000, 0x0000000100000000)
  region size 1024K, 29 young (29696K), 7 survivors (7168K)
 Metaspace       used 58290K, capacity 59823K, committed 59948K, reserved 1101824K
  class space    used 7434K, capacity 8000K, committed 8064K, reserved 1048576K
}
Event: 9.530 GC heap after
{Heap after GC invocations=12 (full 0):
 garbage-first heap   total 152576K, used 48115K [0x0000000080000000, 0x0000000100000000)
  region size 1024K, 2 young (2048K), 2 survivors (2048K)
 Metaspace       used 58290K, capacity 59823K, committed 59948K, reserved 1101824K
  class space    used 7434K, capacity 8000K, committed 8064K, reserved 1048576K
}
Event: 10.657 GC heap before
{Heap before GC invocations=13 (full 0):
 garbage-first heap   total 152576K, used 116723K [0x0000000080000000, 0x0000000100000000)
  region size 1024K, 69 young (70656K), 2 survivors (2048K)
 Metaspace       used 64969K, capacity 66573K, committed 66604K, reserved 1107968K
  class space    used 8260K, capacity 8831K, committed 8832K, reserved 1048576K
}
Event: 10.664 GC heap after
{Heap after GC invocations=14 (full 0):
 garbage-first heap   total 152576K, used 54132K [0x0000000080000000, 0x0000000100000000)
  region size 1024K, 7 young (7168K), 7 survivors (7168K)
 Metaspace       used 64969K, capacity 66573K, committed 66604K, reserved 1107968K
  class space    used 8260K, capacity 8831K, committed 8832K, reserved 1048576K
}

Deoptimization events (20 events):
Event: 10.643 Thread 0x00000175013c7800 Uncommon trap: trap_request=0xffffff4d fr.pc=0x00000175707866ec relative=0x00000000000000cc
Event: 10.643 Thread 0x00000175013c7800 Uncommon trap: reason=unstable_if action=reinterpret pc=0x00000175707866ec method=java.lang.String.getBytes([BIB)V @ 5 c2
Event: 10.643 Thread 0x00000175013c7800 DEOPT PACKING pc=0x00000175707866ec sp=0x000000155daf6e50
Event: 10.643 Thread 0x00000175013c7800 DEOPT UNPACKING pc=0x0000017568c885af sp=0x000000155daf6e18 mode 2
Event: 10.754 Thread 0x00000175013c7800 Uncommon trap: trap_request=0xffffffde fr.pc=0x0000017570a23c54 relative=0x0000000000000c34
Event: 10.755 Thread 0x00000175013c7800 Uncommon trap: reason=class_check action=maybe_recompile pc=0x0000017570a23c54 method=org.codehaus.groovy.reflection.ParameterTypes.getParametersTypes0()V @ 16 c2
Event: 10.755 Thread 0x00000175013c7800 DEOPT PACKING pc=0x0000017570a23c54 sp=0x000000155daf62d0
Event: 10.755 Thread 0x00000175013c7800 DEOPT UNPACKING pc=0x0000017568c885af sp=0x000000155daf6258 mode 2
Event: 10.769 Thread 0x00000175013c7800 Uncommon trap: trap_request=0xffffff4d fr.pc=0x0000017570a42a0c relative=0x0000000000000bcc
Event: 10.769 Thread 0x00000175013c7800 Uncommon trap: reason=unstable_if action=reinterpret pc=0x0000017570a42a0c method=java.lang.ClassLoader.loadClass(Ljava/lang/String;Z)Ljava/lang/Class; @ 29 c2
Event: 10.769 Thread 0x00000175013c7800 DEOPT PACKING pc=0x0000017570a42a0c sp=0x000000155daf7260
Event: 10.769 Thread 0x00000175013c7800 DEOPT UNPACKING pc=0x0000017568c885af sp=0x000000155daf7228 mode 2
Event: 10.827 Thread 0x00000175013c7800 Uncommon trap: trap_request=0xffffff4d fr.pc=0x00000175708fee00 relative=0x0000000000000340
Event: 10.827 Thread 0x00000175013c7800 Uncommon trap: reason=unstable_if action=reinterpret pc=0x00000175708fee00 method=java.util.StringJoiner.add(Ljava/lang/CharSequence;)Ljava/util/StringJoiner; @ 33 c2
Event: 10.827 Thread 0x00000175013c7800 DEOPT PACKING pc=0x00000175708fee00 sp=0x000000155daf5d90
Event: 10.827 Thread 0x00000175013c7800 DEOPT UNPACKING pc=0x0000017568c885af sp=0x000000155daf5d40 mode 2
Event: 10.949 Thread 0x00000175013c7800 Uncommon trap: trap_request=0xffffff4d fr.pc=0x000001757093a6f4 relative=0x0000000000005bf4
Event: 10.949 Thread 0x00000175013c7800 Uncommon trap: reason=unstable_if action=reinterpret pc=0x000001757093a6f4 method=org.codehaus.groovy.runtime.metaclass.MetaMethodIndex.isOverridden(Lgroovy/lang/MetaMethod;Lgroovy/lang/MetaMethod;)Z @ 33 c2
Event: 10.949 Thread 0x00000175013c7800 DEOPT PACKING pc=0x000001757093a6f4 sp=0x000000155daf4c80
Event: 10.949 Thread 0x00000175013c7800 DEOPT UNPACKING pc=0x0000017568c885af sp=0x000000155daf4c98 mode 2

Classes redefined (0 events):
No events

Internal exceptions (20 events):
Event: 10.952 Thread 0x00000175013c7800 Exception <a 'java/lang/ClassNotFoundException'{0x0000000086d86840}: com/android/build/gradle/internal/dsl/BuildType$AgpDecorated_DecoratedBeanInfo> (0x0000000086d86840) thrown at [./src/hotspot/share/classfile/systemDictionary.cpp, line 231]
Event: 10.952 Thread 0x00000175013c7800 Exception <a 'java/lang/ClassNotFoundException'{0x0000000086da2f78}: com/android/build/gradle/internal/dsl/BuildType$AgpDecoratedBeanInfo> (0x0000000086da2f78) thrown at [./src/hotspot/share/classfile/systemDictionary.cpp, line 231]
Event: 10.952 Thread 0x00000175013c7800 Exception <a 'java/lang/ClassNotFoundException'{0x0000000086dbd878}: com/android/build/gradle/internal/dsl/BuildTypeBeanInfo> (0x0000000086dbd878) thrown at [./src/hotspot/share/classfile/systemDictionary.cpp, line 231]
Event: 10.953 Thread 0x00000175013c7800 Exception <a 'java/lang/ClassNotFoundException'{0x0000000086dd7cb8}: com/android/builder/core/AbstractBuildTypeBeanInfo> (0x0000000086dd7cb8) thrown at [./src/hotspot/share/classfile/systemDictionary.cpp, line 231]
Event: 10.953 Thread 0x00000175013c7800 Exception <a 'java/lang/ClassNotFoundException'{0x0000000086df26d0}: com/android/builder/core/AbstractBuildTypeCustomizer> (0x0000000086df26d0) thrown at [./src/hotspot/share/classfile/systemDictionary.cpp, line 231]
Event: 10.954 Thread 0x00000175013c7800 Exception <a 'java/lang/ClassNotFoundException'{0x0000000086c29ce8}: com/android/build/gradle/internal/dsl/BuildTypeCustomizer> (0x0000000086c29ce8) thrown at [./src/hotspot/share/classfile/systemDictionary.cpp, line 231]
Event: 10.956 Thread 0x00000175013c7800 Exception <a 'java/lang/ClassNotFoundException'{0x0000000086cc0d78}: com/android/build/gradle/internal/dsl/BuildType$AgpDecoratedCustomizer> (0x0000000086cc0d78) thrown at [./src/hotspot/share/classfile/systemDictionary.cpp, line 231]
Event: 10.957 Thread 0x00000175013c7800 Exception <a 'java/lang/ClassNotFoundException'{0x0000000086b12848}: com/android/build/gradle/internal/dsl/BuildType$AgpDecorated_DecoratedCustomizer> (0x0000000086b12848) thrown at [./src/hotspot/share/classfile/systemDictionary.cpp, line 231]
Event: 10.961 Thread 0x00000175013c7800 Exception <a 'java/lang/ClassNotFoundException'{0x0000000086be4a98}: build_43ijkdeumgasmyxjsbfgrpswq$_run_closure1$_closure4BeanInfo> (0x0000000086be4a98) thrown at [./src/hotspot/share/classfile/systemDictionary.cpp, line 231]
Event: 10.961 Thread 0x00000175013c7800 Exception <a 'java/lang/ClassNotFoundException'{0x0000000086bf6040}: build_43ijkdeumgasmyxjsbfgrpswq$_run_closure1$_closure4Customizer> (0x0000000086bf6040) thrown at [./src/hotspot/share/classfile/systemDictionary.cpp, line 231]
Event: 10.963 Thread 0x00000175013c7800 Exception <a 'java/lang/ClassNotFoundException'{0x0000000086a25d48}: build_43ijkdeumgasmyxjsbfgrpswq$_run_closure1BeanInfo> (0x0000000086a25d48) thrown at [./src/hotspot/share/classfile/systemDictionary.cpp, line 231]
Event: 10.963 Thread 0x00000175013c7800 Exception <a 'java/lang/ClassNotFoundException'{0x0000000086a36868}: build_43ijkdeumgasmyxjsbfgrpswq$_run_closure1Customizer> (0x0000000086a36868) thrown at [./src/hotspot/share/classfile/systemDictionary.cpp, line 231]
Event: 10.967 Thread 0x00000175013c7800 Exception <a 'java/lang/ClassNotFoundException'{0x0000000086a959c0}: org/gradle/api/JavaVersionBeanInfo> (0x0000000086a959c0) thrown at [./src/hotspot/share/classfile/systemDictionary.cpp, line 231]
Event: 10.967 Thread 0x00000175013c7800 Exception <a 'java/lang/ClassNotFoundException'{0x0000000086ac08c8}: org/gradle/api/JavaVersionCustomizer> (0x0000000086ac08c8) thrown at [./src/hotspot/share/classfile/systemDictionary.cpp, line 231]
Event: 10.970 Thread 0x00000175013c7800 Exception <a 'java/lang/ClassNotFoundException'{0x000000008692d058}: com/android/build/gradle/internal/CompileOptions$AgpDecorated_DecoratedBeanInfo> (0x000000008692d058) thrown at [./src/hotspot/share/classfile/systemDictionary.cpp, line 231]
Event: 10.971 Thread 0x00000175013c7800 Exception <a 'java/lang/ClassNotFoundException'{0x0000000086948d98}: com/android/build/gradle/internal/CompileOptions$AgpDecoratedBeanInfo> (0x0000000086948d98) thrown at [./src/hotspot/share/classfile/systemDictionary.cpp, line 231]
Event: 10.971 Thread 0x00000175013c7800 Exception <a 'java/lang/ClassNotFoundException'{0x0000000086962c08}: com/android/build/gradle/internal/CompileOptionsBeanInfo> (0x0000000086962c08) thrown at [./src/hotspot/share/classfile/systemDictionary.cpp, line 231]
Event: 10.971 Thread 0x00000175013c7800 Exception <a 'java/lang/ClassNotFoundException'{0x000000008697d088}: com/android/build/gradle/internal/CompileOptionsCustomizer> (0x000000008697d088) thrown at [./src/hotspot/share/classfile/systemDictionary.cpp, line 231]
Event: 10.972 Thread 0x00000175013c7800 Exception <a 'java/lang/ClassNotFoundException'{0x00000000869a4cc0}: com/android/build/gradle/internal/CompileOptions$AgpDecoratedCustomizer> (0x00000000869a4cc0) thrown at [./src/hotspot/share/classfile/systemDictionary.cpp, line 231]
Event: 10.972 Thread 0x00000175013c7800 Exception <a 'java/lang/ClassNotFoundException'{0x00000000869cfc60}: com/android/build/gradle/internal/CompileOptions$AgpDecorated_DecoratedCustomizer> (0x00000000869cfc60) thrown at [./src/hotspot/share/classfile/systemDictionary.cpp, line 231]

Events (20 events):
Event: 10.981 loading class org/gradle/api/artifacts/repositories/ArtifactRepository
Event: 10.981 loading class org/gradle/api/artifacts/repositories/ArtifactRepository done
Event: 10.981 loading class org/gradle/api/artifacts/repositories/ArtifactRepository
Event: 10.981 loading class org/gradle/api/artifacts/repositories/ArtifactRepository done
Event: 10.981 loading class com/android/build/gradle/internal/plugins/BasePlugin
Event: 10.981 loading class com/android/build/gradle/internal/plugins/BasePlugin done
Event: 10.981 loading class org/gradle/api/artifacts/dsl/RepositoryHandler
Event: 10.981 loading class org/gradle/api/artifacts/dsl/RepositoryHandler done
Event: 10.982 loading class org/gradle/api/publish/maven/plugins/MavenPublishPlugin
Event: 10.982 loading class org/gradle/api/publish/maven/plugins/MavenPublishPlugin done
Event: 10.982 loading class org/gradle/api/publish/maven/plugins/MavenPublishPlugin
Event: 10.982 loading class org/gradle/api/publish/maven/plugins/MavenPublishPlugin done
Event: 10.984 loading class org/gradle/api/publish/maven/plugins/MavenPublishPlugin$MavenPublicationFactory
Event: 10.984 loading class org/gradle/api/publish/maven/plugins/MavenPublishPlugin$MavenPublicationFactory done
Event: 10.987 loading class org/gradle/api/ProjectState
Event: 10.987 loading class org/gradle/api/ProjectState done
Event: 10.987 loading class com/android/build/gradle/internal/plugins/DslContainerProvider$DefaultImpls
Event: 10.987 loading class com/android/build/gradle/internal/plugins/DslContainerProvider$DefaultImpls done
Event: 10.988 loading class com/android/build/gradle/internal/plugins/DslContainerProvider$lock$1
Event: 10.988 loading class com/android/build/gradle/internal/plugins/DslContainerProvider$lock$1 done


Dynamic libraries:
0x00007ff7e5990000 - 0x00007ff7e599a000 	C:\Program Files\Android\Android Studio\jre\bin\java.exe
0x00007ffb81f30000 - 0x00007ffb82128000 	C:\windows\SYSTEM32\ntdll.dll
0x00007ffb800c0000 - 0x00007ffb8017d000 	C:\windows\System32\KERNEL32.DLL
0x00007ffb7fcc0000 - 0x00007ffb7ff8e000 	C:\windows\System32\KERNELBASE.dll
0x00007ffb7f800000 - 0x00007ffb7f900000 	C:\windows\System32\ucrtbase.dll
0x00007ffb69080000 - 0x00007ffb69099000 	C:\Program Files\Android\Android Studio\jre\bin\jli.dll
0x00007ffb68c90000 - 0x00007ffb68ca7000 	C:\Program Files\Android\Android Studio\jre\bin\VCRUNTIME140.dll
0x00007ffb80a80000 - 0x00007ffb80c20000 	C:\windows\System32\USER32.dll
0x00007ffb7f7d0000 - 0x00007ffb7f7f2000 	C:\windows\System32\win32u.dll
0x00007ffb64070000 - 0x00007ffb6430a000 	C:\windows\WinSxS\amd64_microsoft.windows.common-controls_6595b64144ccf1df_6.0.19041.1110_none_60b5254171f9507e\COMCTL32.dll
0x00007ffb80a50000 - 0x00007ffb80a7a000 	C:\windows\System32\GDI32.dll
0x00007ffb7fa60000 - 0x00007ffb7fb6b000 	C:\windows\System32\gdi32full.dll
0x00007ffb81060000 - 0x00007ffb810fe000 	C:\windows\System32\msvcrt.dll
0x00007ffb7f730000 - 0x00007ffb7f7cd000 	C:\windows\System32\msvcp_win.dll
0x00007ffb805b0000 - 0x00007ffb805e0000 	C:\windows\System32\IMM32.DLL
0x00007ffb51f40000 - 0x00007ffb51fdd000 	C:\Program Files\Android\Android Studio\jre\bin\msvcp140.dll
0x00007ffb0eb00000 - 0x00007ffb0f5e5000 	C:\Program Files\Android\Android Studio\jre\bin\server\jvm.dll
0x00007ffb80c20000 - 0x00007ffb80cce000 	C:\windows\System32\ADVAPI32.dll
0x00007ffb80020000 - 0x00007ffb800bc000 	C:\windows\System32\sechost.dll
0x00007ffb802d0000 - 0x00007ffb803f5000 	C:\windows\System32\RPCRT4.dll
0x00007ffb818b0000 - 0x00007ffb818b8000 	C:\windows\System32\PSAPI.DLL
0x00007ffb7ab30000 - 0x00007ffb7ab39000 	C:\windows\SYSTEM32\WSOCK32.dll
0x00007ffb67ad0000 - 0x00007ffb67af7000 	C:\windows\SYSTEM32\WINMM.dll
0x00007ffb79830000 - 0x00007ffb7983a000 	C:\windows\SYSTEM32\VERSION.dll
0x00007ffb818c0000 - 0x00007ffb8192b000 	C:\windows\System32\WS2_32.dll
0x00007ffb7ded0000 - 0x00007ffb7dee2000 	C:\windows\SYSTEM32\kernel.appcore.dll
0x00007ffb648c0000 - 0x00007ffb648d1000 	C:\Program Files\Android\Android Studio\jre\bin\verify.dll
0x00007ffb7db90000 - 0x00007ffb7dd74000 	C:\windows\SYSTEM32\DBGHELP.DLL
0x00007ffb6dfe0000 - 0x00007ffb6e00c000 	C:\windows\SYSTEM32\dbgcore.DLL
0x00007ffb7f650000 - 0x00007ffb7f6d2000 	C:\windows\System32\bcryptPrimitives.dll
0x00007ffb5a2f0000 - 0x00007ffb5a319000 	C:\Program Files\Android\Android Studio\jre\bin\java.dll
0x00007ffb78870000 - 0x00007ffb7887b000 	C:\Program Files\Android\Android Studio\jre\bin\jimage.dll
0x00007ffb61f80000 - 0x00007ffb61f98000 	C:\Program Files\Android\Android Studio\jre\bin\zip.dll
0x00007ffb81160000 - 0x00007ffb818a4000 	C:\windows\System32\SHELL32.dll
0x00007ffb7d3f0000 - 0x00007ffb7db84000 	C:\windows\SYSTEM32\windows.storage.dll
0x00007ffb81b90000 - 0x00007ffb81ee4000 	C:\windows\System32\combase.dll
0x00007ffb7f0b0000 - 0x00007ffb7f0e0000 	C:\windows\SYSTEM32\Wldp.dll
0x00007ffb80e00000 - 0x00007ffb80ead000 	C:\windows\System32\SHCORE.dll
0x00007ffb81000000 - 0x00007ffb81055000 	C:\windows\System32\shlwapi.dll
0x00007ffb7f590000 - 0x00007ffb7f5af000 	C:\windows\SYSTEM32\profapi.dll
0x00007ffb5a710000 - 0x00007ffb5a72a000 	C:\Program Files\Android\Android Studio\jre\bin\net.dll
0x00007ffb7ac90000 - 0x00007ffb7ad9a000 	C:\windows\SYSTEM32\WINHTTP.dll
0x00007ffb7edd0000 - 0x00007ffb7ee3a000 	C:\windows\system32\mswsock.dll
0x00007ffb5a2a0000 - 0x00007ffb5a2b4000 	C:\Program Files\Android\Android Studio\jre\bin\nio.dll
0x00007ffb6c020000 - 0x00007ffb6c047000 	C:\Users\Anchal\.gradle\native\e1d6ef7f7dcc3fd88c89a11ec53ec762bb8ba0a96d01ffa2cd45eb1d1d8dd5c5\windows-amd64\native-platform.dll
0x00007ffb50d00000 - 0x00007ffb50e44000 	C:\Users\Anchal\.gradle\native\5664cfc778a61ccfe75a443a1ab52a65af34e5dc3c78e0209fed803814484fcb\windows-amd64\native-platform-file-events.dll
0x00007ffb751d0000 - 0x00007ffb751da000 	C:\Program Files\Android\Android Studio\jre\bin\management.dll
0x00007ffb6d920000 - 0x00007ffb6d92d000 	C:\Program Files\Android\Android Studio\jre\bin\management_ext.dll
0x00007ffb7f000000 - 0x00007ffb7f018000 	C:\windows\SYSTEM32\CRYPTSP.dll
0x00007ffb7e6e0000 - 0x00007ffb7e714000 	C:\windows\system32\rsaenh.dll
0x00007ffb7fb70000 - 0x00007ffb7fb97000 	C:\windows\System32\bcrypt.dll
0x00007ffb7f510000 - 0x00007ffb7f53e000 	C:\windows\SYSTEM32\USERENV.dll
0x00007ffb7f020000 - 0x00007ffb7f02c000 	C:\windows\SYSTEM32\CRYPTBASE.dll
0x00007ffb7ea80000 - 0x00007ffb7eabb000 	C:\windows\SYSTEM32\IPHLPAPI.DLL
0x00007ffb80df0000 - 0x00007ffb80df8000 	C:\windows\System32\NSI.dll
0x00007ffb79810000 - 0x00007ffb79827000 	C:\windows\SYSTEM32\dhcpcsvc6.DLL
0x00007ffb79fa0000 - 0x00007ffb79fbd000 	C:\windows\SYSTEM32\dhcpcsvc.DLL
0x00007ffb7eb10000 - 0x00007ffb7ebdb000 	C:\windows\SYSTEM32\DNSAPI.dll

dbghelp: loaded successfully - version: 4.0.5 - missing functions: none
symbol engine: initialized successfully - sym options: 0x614 - pdb path: .;C:\Program Files\Android\Android Studio\jre\bin;C:\windows\SYSTEM32;C:\windows\WinSxS\amd64_microsoft.windows.common-controls_6595b64144ccf1df_6.0.19041.1110_none_60b5254171f9507e;C:\Program Files\Android\Android Studio\jre\bin\server;C:\Users\Anchal\.gradle\native\e1d6ef7f7dcc3fd88c89a11ec53ec762bb8ba0a96d01ffa2cd45eb1d1d8dd5c5\windows-amd64;C:\Users\Anchal\.gradle\native\5664cfc778a61ccfe75a443a1ab52a65af34e5dc3c78e0209fed803814484fcb\windows-amd64

VM Arguments:
jvm_args: --add-opens=java.base/java.util=ALL-UNNAMED --add-opens=java.base/java.lang=ALL-UNNAMED --add-opens=java.base/java.lang.invoke=ALL-UNNAMED --add-opens=java.base/java.util=ALL-UNNAMED --add-opens=java.prefs/java.util.prefs=ALL-UNNAMED --add-opens=java.prefs/java.util.prefs=ALL-UNNAMED --add-opens=java.base/java.nio.charset=ALL-UNNAMED --add-opens=java.base/java.net=ALL-UNNAMED --add-opens=java.base/java.util.concurrent.atomic=ALL-UNNAMED -Xmx2048m -Dfile.encoding=UTF-8 -Duser.country=IN -Duser.language=en -Duser.variant 
java_command: org.gradle.launcher.daemon.bootstrap.GradleDaemon 7.3.3
java_class_path (initial): C:\Users\Anchal\.gradle\wrapper\dists\gradle-7.3.3-bin\6a41zxkdtcxs8rphpq6y0069z\gradle-7.3.3\lib\gradle-launcher-7.3.3.jar
Launcher Type: SUN_STANDARD

[Global flags]
     intx CICompilerCount                          = 4                                         {product} {ergonomic}
     uint ConcGCThreads                            = 2                                         {product} {ergonomic}
     uint G1ConcRefinementThreads                  = 8                                         {product} {ergonomic}
   size_t G1HeapRegionSize                         = 1048576                                   {product} {ergonomic}
    uintx GCDrainStackTargetSize                   = 64                                        {product} {ergonomic}
   size_t InitialHeapSize                          = 130023424                                 {product} {ergonomic}
   size_t MarkStackSize                            = 4194304                                   {product} {ergonomic}
   size_t MaxHeapSize                              = 2147483648                                {product} {command line}
   size_t MaxNewSize                               = 1287651328                                {product} {ergonomic}
   size_t MinHeapDeltaBytes                        = 1048576                                   {product} {ergonomic}
    uintx NonNMethodCodeHeapSize                   = 5836300                                {pd product} {ergonomic}
    uintx NonProfiledCodeHeapSize                  = 122910970                              {pd product} {ergonomic}
    uintx ProfiledCodeHeapSize                     = 122910970                              {pd product} {ergonomic}
    uintx ReservedCodeCacheSize                    = 251658240                              {pd product} {ergonomic}
     bool SegmentedCodeCache                       = true                                      {product} {ergonomic}
     bool UseCompressedClassPointers               = true                                 {lp64_product} {ergonomic}
     bool UseCompressedOops                        = true                                 {lp64_product} {ergonomic}
     bool UseG1GC                                  = true                                      {product} {ergonomic}
     bool UseLargePagesIndividualAllocation        = false                                  {pd product} {ergonomic}

Logging:
Log output configuration:
 #0: stdout all=warning uptime,level,tags
 #1: stderr all=off uptime,level,tags

Environment Variables:
PATH=C:\Program Files\Common Files\Oracle\Java\javapath;C:\Python39\Scripts\;C:\Python39\;C:\windows\system32;C:\windows;C:\windows\System32\Wbem;C:\windows\System32\WindowsPowerShell\v1.0\;C:\windows\System32\OpenSSH\;C:\Program Files\Android\Android Studio\gradle-7.1-bin\gradle-7.1\bin\;C:\MinGW\bin\;C:\ProgramData\chocolatey\bin;C:\Program Files\nodejs\;C:\Program Files\Git\cmd;C:\Users\Anchal\Documents\mysql\mysql-5.7.38-winx64\bin;C:\Users\Anchal\AppData\Local\Microsoft\WindowsApps;C:\Users\Anchal\AppData\Local\Programs\Microsoft VS Code\bin;C:\Users\Anchal\AppData\Local\atom\bin;C:\Program Files\JetBrains\IntelliJ IDEA Community Edition 2021.1.2\bin;;C:\Users\Anchal\AppData\Roaming\npm;C:\Program Files\MongoDB\Server\4.4\bin;
USERNAME=Anchal
OS=Windows_NT
PROCESSOR_IDENTIFIER=Intel64 Family 6 Model 140 Stepping 1, GenuineIntel



---------------  S Y S T E M  ---------------

OS: Windows 10 , 64 bit Build 19041 (10.0.19041.1806)
OS uptime: 1 days 21:23 hours
Hyper-V role detected

CPU:total 8 (initial active 8) (4 cores per cpu, 2 threads per core) family 6 model 140 stepping 1 microcode 0x8a, cmov, cx8, fxsr, mmx, sse, sse2, sse3, ssse3, sse4.1, sse4.2, popcnt, avx, avx2, aes, clmul, erms, 3dnowpref, lzcnt, ht, tsc, tscinvbit, bmi1, bmi2, adx, evex, sha, fma

Memory: 4k page, system-wide physical 7834M (423M free)
TotalPageFile size 12834M (AvailPageFile size 4M)
current process WorkingSet (physical memory assigned to process): 361M, peak: 362M
current process commit charge ("private bytes"): 399M, peak: 403M

vm_info: OpenJDK 64-Bit Server VM (11.0.12+7-b1504.28-7817840) for windows-amd64 JRE (11.0.12+7-b1504.28-7817840), built on Oct 13 2021 22:12:33 by "builder" with MS VC++ 14.0 (VS2015)

END.
