#
# There is insufficient memory for the Java Runtime Environment to continue.
# Native memory allocation (malloc) failed to allocate 667856 bytes for Chunk::new
# Possible reasons:
#   The system is out of physical RAM or swap space
#   The process is running with CompressedOops enabled, and the Java Heap may be blocking the growth of the native heap
# Possible solutions:
#   Reduce memory load on the system
#   Increase physical memory or swap space
#   Check if swap backing store is full
#   Decrease Java heap size (-Xmx/-Xms)
#   Decrease number of Java threads
#   Decrease Java thread stack sizes (-Xss)
#   Set larger code cache with -XX:ReservedCodeCacheSize=
#   JVM is running with Unscaled Compressed Oops mode in which the Java heap is
#     placed in the first 4GB address space. The Java Heap base address is the
#     maximum limit for the native heap growth. Please use -XX:HeapBaseMinAddress
#     to set the Java Heap base and to place the Java Heap above 4GB virtual address.
# This output file may be truncated or incomplete.
#
#  Out of Memory Error (./src/hotspot/share/memory/arena.cpp:197), pid=4464, tid=11748
#
# JRE version: OpenJDK Runtime Environment (11.0.12+7) (build 11.0.12+7-b1504.28-7817840)
# Java VM: OpenJDK 64-Bit Server VM (11.0.12+7-b1504.28-7817840, mixed mode, tiered, compressed oops, g1 gc, windows-amd64)
# No core dump will be written. Minidumps are not enabled by default on client versions of Windows
#

---------------  S U M M A R Y ------------

Command Line: --add-opens=java.base/java.util=ALL-UNNAMED --add-opens=java.base/java.lang=ALL-UNNAMED --add-opens=java.base/java.lang.invoke=ALL-UNNAMED --add-opens=java.base/java.util=ALL-UNNAMED --add-opens=java.prefs/java.util.prefs=ALL-UNNAMED --add-opens=java.prefs/java.util.prefs=ALL-UNNAMED --add-opens=java.base/java.nio.charset=ALL-UNNAMED --add-opens=java.base/java.net=ALL-UNNAMED --add-opens=java.base/java.util.concurrent.atomic=ALL-UNNAMED -Xmx2048m -Dfile.encoding=UTF-8 -Duser.country=IN -Duser.language=en -Duser.variant org.gradle.launcher.daemon.bootstrap.GradleDaemon 7.3.3

Host: 11th Gen Intel(R) Core(TM) i5-1135G7 @ 2.40GHz, 8 cores, 7G,  Windows 10 , 64 bit Build 19041 (10.0.19041.1806)
Time: Sun Jul 17 09:46:31 2022 India Standard Time elapsed time: 466.952463 seconds (0d 0h 7m 46s)

---------------  T H R E A D  ---------------

Current thread (0x00000269a74f5000):  JavaThread "C2 CompilerThread1" daemon [_thread_in_native, id=11748, stack(0x000000b8ad800000,0x000000b8ad900000)]


Current CompileTask:
C2: 466952 16489       4       java.util.regex.Matcher::replaceAll (59 bytes)

Stack: [0x000000b8ad800000,0x000000b8ad900000]
Native frames: (J=compiled Java code, j=interpreted, Vv=VM code, C=native code)
V  [jvm.dll+0x5fbcea]
V  [jvm.dll+0x731905]
V  [jvm.dll+0x732f1d]
V  [jvm.dll+0x7335d3]
V  [jvm.dll+0x247bf8]
V  [jvm.dll+0xc018c]
V  [jvm.dll+0xc06cc]
V  [jvm.dll+0x35b31d]
V  [jvm.dll+0x328803]
V  [jvm.dll+0x327cfa]
V  [jvm.dll+0x200602]
V  [jvm.dll+0x1ff794]
V  [jvm.dll+0x18868c]
V  [jvm.dll+0x20e0d7]
V  [jvm.dll+0x20c901]
V  [jvm.dll+0x6f9b7f]
V  [jvm.dll+0x6f26a5]
V  [jvm.dll+0x5fabf6]
C  [ucrtbase.dll+0x21bb2]
C  [KERNEL32.DLL+0x17034]
C  [ntdll.dll+0x52651]


---------------  P R O C E S S  ---------------

Threads class SMR info:
_java_thread_list=0x00000269a536bad0, length=128, elements={
0x0000026986abe000, 0x00000269a0f44000, 0x00000269a0f45800, 0x00000269a18c3800,
0x00000269a0f5e800, 0x00000269a0f61800, 0x00000269a0f64000, 0x00000269a0f67800,
0x00000269a0f69000, 0x00000269a1a1b000, 0x00000269a2e6d000, 0x00000269a3c25800,
0x00000269a1c7e800, 0x00000269a420e000, 0x00000269a4209000, 0x00000269a420d000,
0x00000269a420f800, 0x00000269a420a800, 0x00000269a547b800, 0x00000269a547f000,
0x00000269a5480800, 0x00000269a547d800, 0x00000269a547e000, 0x00000269a5126800,
0x00000269a5127800, 0x00000269a2407000, 0x00000269a2404000, 0x00000269a2403000,
0x00000269a2406800, 0x00000269a44e5800, 0x00000269a44ed000, 0x00000269a44e7800,
0x00000269af523000, 0x00000269af51d800, 0x00000269af51e000, 0x00000269af521800,
0x00000269af520800, 0x00000269af522000, 0x00000269af524000, 0x00000269af524800,
0x00000269af51f800, 0x00000269af51f000, 0x00000269af52b000, 0x00000269af527000,
0x00000269af525800, 0x00000269af529800, 0x00000269af528800, 0x00000269af52a800,
0x00000269af528000, 0x00000269af52c000, 0x00000269af526000, 0x00000269a5118800,
0x00000269a511b000, 0x00000269a511c000, 0x00000269a511d800, 0x00000269a511e800,
0x00000269a5119800, 0x00000269a511f800, 0x00000269a5120000, 0x00000269a511a800,
0x00000269a5121000, 0x00000269a5121800, 0x00000269a5122800, 0x00000269a511d000,
0x00000269a5123800, 0x00000269a5125000, 0x00000269a5124000, 0x00000269a5126000,
0x00000269a44e8000, 0x00000269a44ea800, 0x00000269a44eb800, 0x00000269a44e9000,
0x00000269a44e9800, 0x00000269a44ec000, 0x00000269a44e6800, 0x00000269a44f1000,
0x00000269a44f2000, 0x00000269a44ef800, 0x00000269a44f2800, 0x00000269a44f3800,
0x00000269a44ee000, 0x00000269a44f4800, 0x00000269a44ee800, 0x00000269a44f0800,
0x00000269a547f800, 0x00000269a547b000, 0x00000269a5485800, 0x00000269a5487000,
0x00000269a5484000, 0x00000269a5481800, 0x00000269a5486800, 0x00000269a5489800,
0x00000269a5484800, 0x00000269a5488000, 0x00000269a5488800, 0x00000269a2404800,
0x00000269a2405800, 0x00000269a2401800, 0x00000269a2402000, 0x00000269a2408000,
0x00000269a420b800, 0x00000269a4209800, 0x00000269a420c000, 0x00000269a420e800,
0x00000269a73a6000, 0x00000269a73a7000, 0x00000269a73a2000, 0x00000269a73a4800,
0x00000269a73a8800, 0x00000269a73a5000, 0x00000269a73a2800, 0x00000269a73a7800,
0x00000269a73a9000, 0x00000269a73a3800, 0x00000269a73ab000, 0x00000269a73ab800,
0x00000269a73ac800, 0x00000269a73ad800, 0x00000269a73ae000, 0x00000269a73af000,
0x00000269a73aa000, 0x00000269a73b0000, 0x00000269a73b0800, 0x00000269a916c000,
0x00000269a916a800, 0x00000269a916d000, 0x00000269a916b800, 0x00000269a74f5000
}

Java Threads: ( => current thread )
  0x0000026986abe000 JavaThread "main" [_thread_blocked, id=9052, stack(0x000000b8a5600000,0x000000b8a5700000)]
  0x00000269a0f44000 JavaThread "Reference Handler" daemon [_thread_blocked, id=2740, stack(0x000000b8a5d00000,0x000000b8a5e00000)]
  0x00000269a0f45800 JavaThread "Finalizer" daemon [_thread_blocked, id=10868, stack(0x000000b8a5e00000,0x000000b8a5f00000)]
  0x00000269a18c3800 JavaThread "Signal Dispatcher" daemon [_thread_blocked, id=2888, stack(0x000000b8a5f00000,0x000000b8a6000000)]
  0x00000269a0f5e800 JavaThread "Attach Listener" daemon [_thread_blocked, id=12520, stack(0x000000b8a6000000,0x000000b8a6100000)]
  0x00000269a0f61800 JavaThread "Service Thread" daemon [_thread_blocked, id=11508, stack(0x000000b8a6100000,0x000000b8a6200000)]
  0x00000269a0f64000 JavaThread "C2 CompilerThread0" daemon [_thread_in_native, id=6068, stack(0x000000b8a6200000,0x000000b8a6300000)]
  0x00000269a0f67800 JavaThread "C1 CompilerThread0" daemon [_thread_blocked, id=276, stack(0x000000b8a6300000,0x000000b8a6400000)]
  0x00000269a0f69000 JavaThread "Sweeper thread" daemon [_thread_blocked, id=11516, stack(0x000000b8a6400000,0x000000b8a6500000)]
  0x00000269a1a1b000 JavaThread "Common-Cleaner" daemon [_thread_blocked, id=4792, stack(0x000000b8a6500000,0x000000b8a6600000)]
  0x00000269a2e6d000 JavaThread "Daemon health stats" [_thread_blocked, id=512, stack(0x000000b8a6a00000,0x000000b8a6b00000)]
  0x00000269a3c25800 JavaThread "Incoming local TCP Connector on port 53562" [_thread_in_native, id=10008, stack(0x000000b8a6800000,0x000000b8a6900000)]
  0x00000269a1c7e800 JavaThread "Daemon periodic checks" [_thread_blocked, id=1356, stack(0x000000b8a6b00000,0x000000b8a6c00000)]
  0x00000269a420e000 JavaThread "Cache worker for journal cache (C:\Users\Anchal\.gradle\caches\journal-1)" [_thread_blocked, id=7888, stack(0x000000b8a7900000,0x000000b8a7a00000)]
  0x00000269a4209000 JavaThread "File lock request listener" [_thread_in_native, id=3096, stack(0x000000b8a7a00000,0x000000b8a7b00000)]
  0x00000269a420d000 JavaThread "Cache worker for file hash cache (C:\Users\Anchal\.gradle\caches\7.3.3\fileHashes)" [_thread_blocked, id=2876, stack(0x000000b8a7b00000,0x000000b8a7c00000)]
  0x00000269a420f800 JavaThread "File watcher server" daemon [_thread_in_native, id=3364, stack(0x000000b8a7e00000,0x000000b8a7f00000)]
  0x00000269a420a800 JavaThread "File watcher consumer" daemon [_thread_blocked, id=9104, stack(0x000000b8a7f00000,0x000000b8a8000000)]
  0x00000269a547b800 JavaThread "Cache worker for execution history cache (C:\Users\Anchal\.gradle\caches\7.3.3\executionHistory)" [_thread_blocked, id=4692, stack(0x000000b8a8300000,0x000000b8a8400000)]
  0x00000269a547f000 JavaThread "jar transforms" [_thread_blocked, id=7352, stack(0x000000b8a8400000,0x000000b8a8500000)]
  0x00000269a5480800 JavaThread "Cache worker for file content cache (C:\Users\Anchal\.gradle\caches\7.3.3\fileContent)" [_thread_blocked, id=12020, stack(0x000000b8a6700000,0x000000b8a6800000)]
  0x00000269a547d800 JavaThread "jar transforms Thread 2" [_thread_blocked, id=2452, stack(0x000000b8a8500000,0x000000b8a8600000)]
  0x00000269a547e000 JavaThread "jar transforms Thread 3" [_thread_blocked, id=5280, stack(0x000000b8a8700000,0x000000b8a8800000)]
  0x00000269a5126800 JavaThread "jar transforms Thread 4" [_thread_blocked, id=6452, stack(0x000000b8ad900000,0x000000b8ada00000)]
  0x00000269a5127800 JavaThread "jar transforms Thread 5" [_thread_blocked, id=2604, stack(0x000000b8ada00000,0x000000b8adb00000)]
  0x00000269a2407000 JavaThread "jar transforms Thread 6" [_thread_blocked, id=12428, stack(0x000000b8adb00000,0x000000b8adc00000)]
  0x00000269a2404000 JavaThread "jar transforms Thread 7" [_thread_blocked, id=3016, stack(0x000000b8adc00000,0x000000b8add00000)]
  0x00000269a2403000 JavaThread "jar transforms Thread 8" [_thread_blocked, id=13188, stack(0x000000b8add00000,0x000000b8ade00000)]
  0x00000269a2406800 JavaThread "Memory manager" [_thread_blocked, id=6652, stack(0x000000b8ade00000,0x000000b8adf00000)]
  0x00000269a44e5800 JavaThread "ForkJoinPool.commonPool-worker-3" daemon [_thread_blocked, id=9048, stack(0x000000b8aed00000,0x000000b8aee00000)]
  0x00000269a44ed000 JavaThread "ForkJoinPool.commonPool-worker-11" daemon [_thread_blocked, id=6124, stack(0x000000b8af100000,0x000000b8af200000)]
  0x00000269a44e7800 JavaThread "ForkJoinPool.commonPool-worker-15" daemon [_thread_blocked, id=7700, stack(0x000000b8af200000,0x000000b8af300000)]
  0x00000269af523000 JavaThread "ForkJoinPool.commonPool-worker-1" daemon [_thread_blocked, id=2016, stack(0x000000b8af500000,0x000000b8af600000)]
  0x00000269af51d800 JavaThread "ForkJoinPool.commonPool-worker-9" daemon [_thread_blocked, id=7772, stack(0x000000b8af600000,0x000000b8af700000)]
  0x00000269af51e000 JavaThread "Daemon Thread 4" [_thread_blocked, id=3164, stack(0x000000b8a5300000,0x000000b8a5400000)]
  0x00000269af521800 JavaThread "Handler for socket connection from /127.0.0.1:53562 to /127.0.0.1:54969" [_thread_in_native, id=11640, stack(0x000000b8a5400000,0x000000b8a5500000)]
  0x00000269af520800 JavaThread "Cancel handler" [_thread_blocked, id=1692, stack(0x000000b8a5500000,0x000000b8a5600000)]
  0x00000269af522000 JavaThread "Daemon worker Thread 4" [_thread_in_vm, id=2172, stack(0x000000b8a6c00000,0x000000b8a6d00000)]
  0x00000269af524000 JavaThread "Asynchronous log dispatcher for DefaultDaemonConnection: socket connection from /127.0.0.1:53562 to /127.0.0.1:54969" [_thread_blocked, id=11060, stack(0x000000b8a6d00000,0x000000b8a6e00000)]
  0x00000269af524800 JavaThread "Stdin handler" [_thread_blocked, id=2028, stack(0x000000b8a6e00000,0x000000b8a6f00000)]
  0x00000269af51f800 JavaThread "Daemon client event forwarder" [_thread_blocked, id=10104, stack(0x000000b8a6f00000,0x000000b8a7000000)]
  0x00000269af51f000 JavaThread "Cache worker for file hash cache (C:\Users\Anchal\WhatsappClone\.gradle\7.3.3\fileHashes)" [_thread_blocked, id=5928, stack(0x000000b8a7000000,0x000000b8a7100000)]
  0x00000269af52b000 JavaThread "Cache worker for checksums cache (C:\Users\Anchal\WhatsappClone\.gradle\7.3.3\checksums)" [_thread_blocked, id=3924, stack(0x000000b8a7100000,0x000000b8a7200000)]
  0x00000269af527000 JavaThread "Cache worker for cache directory md-supplier (C:\Users\Anchal\.gradle\caches\7.3.3\md-supplier)" [_thread_blocked, id=6432, stack(0x000000b8a7200000,0x000000b8a7300000)]
  0x00000269af525800 JavaThread "Cache worker for cache directory md-rule (C:\Users\Anchal\.gradle\caches\7.3.3\md-rule)" [_thread_blocked, id=4848, stack(0x000000b8a8100000,0x000000b8a8200000)]
  0x00000269af529800 JavaThread "Cache worker for dependencies-accessors (C:\Users\Anchal\WhatsappClone\.gradle\7.3.3\dependencies-accessors)" [_thread_blocked, id=13196, stack(0x000000b8a8200000,0x000000b8a8300000)]
  0x00000269af528800 JavaThread "Cache worker for Build Output Cleanup Cache (C:\Users\Anchal\WhatsappClone\.gradle\buildOutputCleanup)" [_thread_blocked, id=7132, stack(0x000000b8a8600000,0x000000b8a8700000)]
  0x00000269af52a800 JavaThread "Unconstrained build operations" [_thread_blocked, id=6516, stack(0x000000b8a8800000,0x000000b8a8900000)]
  0x00000269af528000 JavaThread "Unconstrained build operations Thread 2" [_thread_blocked, id=10532, stack(0x000000b8a8900000,0x000000b8a8a00000)]
  0x00000269af52c000 JavaThread "Unconstrained build operations Thread 3" [_thread_blocked, id=8780, stack(0x000000b8a8a00000,0x000000b8a8b00000)]
  0x00000269af526000 JavaThread "Unconstrained build operations Thread 4" [_thread_blocked, id=7740, stack(0x000000b8a8b00000,0x000000b8a8c00000)]
  0x00000269a5118800 JavaThread "Unconstrained build operations Thread 5" [_thread_blocked, id=5528, stack(0x000000b8a8c00000,0x000000b8a8d00000)]
  0x00000269a511b000 JavaThread "Unconstrained build operations Thread 6" [_thread_blocked, id=3844, stack(0x000000b8a8d00000,0x000000b8a8e00000)]
  0x00000269a511c000 JavaThread "Unconstrained build operations Thread 7" [_thread_blocked, id=8040, stack(0x000000b8a8e00000,0x000000b8a8f00000)]
  0x00000269a511d800 JavaThread "Unconstrained build operations Thread 8" [_thread_blocked, id=6364, stack(0x000000b8a8f00000,0x000000b8a9000000)]
  0x00000269a511e800 JavaThread "Unconstrained build operations Thread 9" [_thread_blocked, id=12844, stack(0x000000b8a9000000,0x000000b8a9100000)]
  0x00000269a5119800 JavaThread "Unconstrained build operations Thread 10" [_thread_blocked, id=6728, stack(0x000000b8a9100000,0x000000b8a9200000)]
  0x00000269a511f800 JavaThread "Unconstrained build operations Thread 11" [_thread_blocked, id=2456, stack(0x000000b8a9200000,0x000000b8a9300000)]
  0x00000269a5120000 JavaThread "Unconstrained build operations Thread 12" [_thread_blocked, id=7316, stack(0x000000b8a9300000,0x000000b8a9400000)]
  0x00000269a511a800 JavaThread "Unconstrained build operations Thread 13" [_thread_blocked, id=9812, stack(0x000000b8a9400000,0x000000b8a9500000)]
  0x00000269a5121000 JavaThread "Unconstrained build operations Thread 14" [_thread_blocked, id=7944, stack(0x000000b8a9500000,0x000000b8a9600000)]
  0x00000269a5121800 JavaThread "Unconstrained build operations Thread 15" [_thread_blocked, id=3784, stack(0x000000b8a9600000,0x000000b8a9700000)]
  0x00000269a5122800 JavaThread "Unconstrained build operations Thread 16" [_thread_blocked, id=6688, stack(0x000000b8a9700000,0x000000b8a9800000)]
  0x00000269a511d000 JavaThread "Unconstrained build operations Thread 17" [_thread_blocked, id=11668, stack(0x000000b8a9800000,0x000000b8a9900000)]
  0x00000269a5123800 JavaThread "Unconstrained build operations Thread 18" [_thread_blocked, id=12184, stack(0x000000b8a9900000,0x000000b8a9a00000)]
  0x00000269a5125000 JavaThread "Unconstrained build operations Thread 19" [_thread_blocked, id=2904, stack(0x000000b8a9a00000,0x000000b8a9b00000)]
  0x00000269a5124000 JavaThread "Unconstrained build operations Thread 20" [_thread_blocked, id=10700, stack(0x000000b8a9b00000,0x000000b8a9c00000)]
  0x00000269a5126000 JavaThread "Unconstrained build operations Thread 21" [_thread_blocked, id=8916, stack(0x000000b8a9c00000,0x000000b8a9d00000)]
  0x00000269a44e8000 JavaThread "Unconstrained build operations Thread 22" [_thread_blocked, id=6760, stack(0x000000b8a9d00000,0x000000b8a9e00000)]
  0x00000269a44ea800 JavaThread "Unconstrained build operations Thread 23" [_thread_blocked, id=11732, stack(0x000000b8a9e00000,0x000000b8a9f00000)]
  0x00000269a44eb800 JavaThread "Unconstrained build operations Thread 24" [_thread_blocked, id=12740, stack(0x000000b8a9f00000,0x000000b8aa000000)]
  0x00000269a44e9000 JavaThread "Unconstrained build operations Thread 25" [_thread_blocked, id=10768, stack(0x000000b8aa000000,0x000000b8aa100000)]
  0x00000269a44e9800 JavaThread "Unconstrained build operations Thread 26" [_thread_blocked, id=11108, stack(0x000000b8aa100000,0x000000b8aa200000)]
  0x00000269a44ec000 JavaThread "Unconstrained build operations Thread 27" [_thread_blocked, id=11968, stack(0x000000b8aa200000,0x000000b8aa300000)]
  0x00000269a44e6800 JavaThread "Unconstrained build operations Thread 28" [_thread_blocked, id=428, stack(0x000000b8aa300000,0x000000b8aa400000)]
  0x00000269a44f1000 JavaThread "Unconstrained build operations Thread 29" [_thread_blocked, id=1716, stack(0x000000b8aa400000,0x000000b8aa500000)]
  0x00000269a44f2000 JavaThread "Unconstrained build operations Thread 30" [_thread_blocked, id=2872, stack(0x000000b8aa500000,0x000000b8aa600000)]
  0x00000269a44ef800 JavaThread "Unconstrained build operations Thread 31" [_thread_blocked, id=9332, stack(0x000000b8aa600000,0x000000b8aa700000)]
  0x00000269a44f2800 JavaThread "Unconstrained build operations Thread 32" [_thread_blocked, id=11484, stack(0x000000b8aa700000,0x000000b8aa800000)]
  0x00000269a44f3800 JavaThread "Unconstrained build operations Thread 33" [_thread_blocked, id=5652, stack(0x000000b8aa800000,0x000000b8aa900000)]
  0x00000269a44ee000 JavaThread "Unconstrained build operations Thread 34" [_thread_blocked, id=8096, stack(0x000000b8aa900000,0x000000b8aaa00000)]
  0x00000269a44f4800 JavaThread "Unconstrained build operations Thread 35" [_thread_blocked, id=9804, stack(0x000000b8aaa00000,0x000000b8aab00000)]
  0x00000269a44ee800 JavaThread "Unconstrained build operations Thread 36" [_thread_blocked, id=11120, stack(0x000000b8aab00000,0x000000b8aac00000)]
  0x00000269a44f0800 JavaThread "Unconstrained build operations Thread 37" [_thread_blocked, id=8660, stack(0x000000b8aac00000,0x000000b8aad00000)]
  0x00000269a547f800 JavaThread "Unconstrained build operations Thread 38" [_thread_blocked, id=11276, stack(0x000000b8aad00000,0x000000b8aae00000)]
  0x00000269a547b000 JavaThread "Unconstrained build operations Thread 39" [_thread_blocked, id=6296, stack(0x000000b8aae00000,0x000000b8aaf00000)]
  0x00000269a5485800 JavaThread "Unconstrained build operations Thread 40" [_thread_blocked, id=8744, stack(0x000000b8aaf00000,0x000000b8ab000000)]
  0x00000269a5487000 JavaThread "Unconstrained build operations Thread 41" [_thread_blocked, id=7076, stack(0x000000b8ab000000,0x000000b8ab100000)]
  0x00000269a5484000 JavaThread "Unconstrained build operations Thread 42" [_thread_blocked, id=3244, stack(0x000000b8ab100000,0x000000b8ab200000)]
  0x00000269a5481800 JavaThread "Unconstrained build operations Thread 43" [_thread_blocked, id=1972, stack(0x000000b8ab200000,0x000000b8ab300000)]
  0x00000269a5486800 JavaThread "Unconstrained build operations Thread 44" [_thread_blocked, id=3040, stack(0x000000b8ab300000,0x000000b8ab400000)]
  0x00000269a5489800 JavaThread "Unconstrained build operations Thread 45" [_thread_blocked, id=8364, stack(0x000000b8ab400000,0x000000b8ab500000)]
  0x00000269a5484800 JavaThread "Unconstrained build operations Thread 46" [_thread_blocked, id=6384, stack(0x000000b8ab500000,0x000000b8ab600000)]
  0x00000269a5488000 JavaThread "Unconstrained build operations Thread 47" [_thread_blocked, id=11816, stack(0x000000b8ab600000,0x000000b8ab700000)]
  0x00000269a5488800 JavaThread "Unconstrained build operations Thread 48" [_thread_blocked, id=12212, stack(0x000000b8ab700000,0x000000b8ab800000)]
  0x00000269a2404800 JavaThread "Unconstrained build operations Thread 49" [_thread_blocked, id=12912, stack(0x000000b8ab800000,0x000000b8ab900000)]
  0x00000269a2405800 JavaThread "Unconstrained build operations Thread 50" [_thread_blocked, id=6244, stack(0x000000b8ab900000,0x000000b8aba00000)]
  0x00000269a2401800 JavaThread "Unconstrained build operations Thread 51" [_thread_blocked, id=1368, stack(0x000000b8aba00000,0x000000b8abb00000)]
  0x00000269a2402000 JavaThread "Unconstrained build operations Thread 52" [_thread_blocked, id=13160, stack(0x000000b8abb00000,0x000000b8abc00000)]
  0x00000269a2408000 JavaThread "Unconstrained build operations Thread 53" [_thread_blocked, id=6128, stack(0x000000b8abc00000,0x000000b8abd00000)]
  0x00000269a420b800 JavaThread "Unconstrained build operations Thread 54" [_thread_blocked, id=3780, stack(0x000000b8abd00000,0x000000b8abe00000)]
  0x00000269a4209800 JavaThread "Unconstrained build operations Thread 55" [_thread_blocked, id=8360, stack(0x000000b8abe00000,0x000000b8abf00000)]
  0x00000269a420c000 JavaThread "Unconstrained build operations Thread 56" [_thread_blocked, id=1984, stack(0x000000b8abf00000,0x000000b8ac000000)]
  0x00000269a420e800 JavaThread "Unconstrained build operations Thread 57" [_thread_blocked, id=6076, stack(0x000000b8ac000000,0x000000b8ac100000)]
  0x00000269a73a6000 JavaThread "Unconstrained build operations Thread 58" [_thread_blocked, id=10100, stack(0x000000b8ac100000,0x000000b8ac200000)]
  0x00000269a73a7000 JavaThread "Unconstrained build operations Thread 59" [_thread_blocked, id=2308, stack(0x000000b8ac200000,0x000000b8ac300000)]
  0x00000269a73a2000 JavaThread "Unconstrained build operations Thread 60" [_thread_blocked, id=5096, stack(0x000000b8ac300000,0x000000b8ac400000)]
  0x00000269a73a4800 JavaThread "Unconstrained build operations Thread 61" [_thread_blocked, id=8828, stack(0x000000b8ac400000,0x000000b8ac500000)]
  0x00000269a73a8800 JavaThread "Unconstrained build operations Thread 62" [_thread_blocked, id=12092, stack(0x000000b8ac500000,0x000000b8ac600000)]
  0x00000269a73a5000 JavaThread "Unconstrained build operations Thread 63" [_thread_blocked, id=8060, stack(0x000000b8ac600000,0x000000b8ac700000)]
  0x00000269a73a2800 JavaThread "Unconstrained build operations Thread 64" [_thread_blocked, id=3620, stack(0x000000b8ac700000,0x000000b8ac800000)]
  0x00000269a73a7800 JavaThread "Unconstrained build operations Thread 65" [_thread_blocked, id=6348, stack(0x000000b8ac800000,0x000000b8ac900000)]
  0x00000269a73a9000 JavaThread "Unconstrained build operations Thread 66" [_thread_blocked, id=11408, stack(0x000000b8ac900000,0x000000b8aca00000)]
  0x00000269a73a3800 JavaThread "Unconstrained build operations Thread 67" [_thread_blocked, id=6644, stack(0x000000b8aca00000,0x000000b8acb00000)]
  0x00000269a73ab000 JavaThread "Unconstrained build operations Thread 68" [_thread_blocked, id=1628, stack(0x000000b8acb00000,0x000000b8acc00000)]
  0x00000269a73ab800 JavaThread "Unconstrained build operations Thread 69" [_thread_blocked, id=6692, stack(0x000000b8acc00000,0x000000b8acd00000)]
  0x00000269a73ac800 JavaThread "Unconstrained build operations Thread 70" [_thread_blocked, id=6108, stack(0x000000b8acd00000,0x000000b8ace00000)]
  0x00000269a73ad800 JavaThread "Unconstrained build operations Thread 71" [_thread_blocked, id=9556, stack(0x000000b8ace00000,0x000000b8acf00000)]
  0x00000269a73ae000 JavaThread "Unconstrained build operations Thread 72" [_thread_blocked, id=6252, stack(0x000000b8acf00000,0x000000b8ad000000)]
  0x00000269a73af000 JavaThread "Unconstrained build operations Thread 73" [_thread_blocked, id=6492, stack(0x000000b8ad000000,0x000000b8ad100000)]
  0x00000269a73aa000 JavaThread "Unconstrained build operations Thread 74" [_thread_blocked, id=1240, stack(0x000000b8ad100000,0x000000b8ad200000)]
  0x00000269a73b0000 JavaThread "Unconstrained build operations Thread 75" [_thread_blocked, id=11656, stack(0x000000b8ad200000,0x000000b8ad300000)]
  0x00000269a73b0800 JavaThread "Unconstrained build operations Thread 76" [_thread_blocked, id=4960, stack(0x000000b8ad300000,0x000000b8ad400000)]
  0x00000269a916c000 JavaThread "Unconstrained build operations Thread 77" [_thread_blocked, id=6360, stack(0x000000b8ad400000,0x000000b8ad500000)]
  0x00000269a916a800 JavaThread "Unconstrained build operations Thread 78" [_thread_blocked, id=10952, stack(0x000000b8ad500000,0x000000b8ad600000)]
  0x00000269a916d000 JavaThread "Unconstrained build operations Thread 79" [_thread_blocked, id=11388, stack(0x000000b8ad600000,0x000000b8ad700000)]
  0x00000269a916b800 JavaThread "Unconstrained build operations Thread 80" [_thread_blocked, id=6668, stack(0x000000b8ad700000,0x000000b8ad800000)]
=>0x00000269a74f5000 JavaThread "C2 CompilerThread1" daemon [_thread_in_native, id=11748, stack(0x000000b8ad800000,0x000000b8ad900000)]

Other Threads:
  0x00000269a0f3d800 VMThread "VM Thread" [stack: 0x000000b8a5c00000,0x000000b8a5d00000] [id=10788]
  0x00000269a1a2c000 WatcherThread [stack: 0x000000b8a6600000,0x000000b8a6700000] [id=10728]
  0x0000026986ad7000 GCTaskThread "GC Thread#0" [stack: 0x000000b8a5700000,0x000000b8a5800000] [id=11596]
  0x00000269a202b800 GCTaskThread "GC Thread#1" [stack: 0x000000b8a6900000,0x000000b8a6a00000] [id=800]
  0x00000269a3ba8000 GCTaskThread "GC Thread#2" [stack: 0x000000b8a7300000,0x000000b8a7400000] [id=2664]
  0x00000269a31e4800 GCTaskThread "GC Thread#3" [stack: 0x000000b8a7400000,0x000000b8a7500000] [id=3716]
  0x00000269a2856000 GCTaskThread "GC Thread#4" [stack: 0x000000b8a7500000,0x000000b8a7600000] [id=10328]
  0x00000269a439d800 GCTaskThread "GC Thread#5" [stack: 0x000000b8a7600000,0x000000b8a7700000] [id=8984]
  0x00000269a2c3d800 GCTaskThread "GC Thread#6" [stack: 0x000000b8a7700000,0x000000b8a7800000] [id=3820]
  0x00000269a2acf000 GCTaskThread "GC Thread#7" [stack: 0x000000b8a7800000,0x000000b8a7900000] [id=5512]
  0x0000026986b06800 ConcurrentGCThread "G1 Main Marker" [stack: 0x000000b8a5800000,0x000000b8a5900000] [id=2272]
  0x0000026986b08000 ConcurrentGCThread "G1 Conc#0" [stack: 0x000000b8a5900000,0x000000b8a5a00000] [id=9344]
  0x00000269a3f47000 ConcurrentGCThread "G1 Conc#1" [stack: 0x000000b8a7c00000,0x000000b8a7d00000] [id=1028]
  0x00000269a0d90800 ConcurrentGCThread "G1 Refine#0" [stack: 0x000000b8a5a00000,0x000000b8a5b00000] [id=11252]
  0x00000269a4544000 ConcurrentGCThread "G1 Refine#1" [stack: 0x000000b8a7d00000,0x000000b8a7e00000] [id=6372]
  0x00000269a453d800 ConcurrentGCThread "G1 Refine#2" [stack: 0x000000b8a8000000,0x000000b8a8100000] [id=10748]
  0x00000269a0d91000 ConcurrentGCThread "G1 Young RemSet Sampling" [stack: 0x000000b8a5b00000,0x000000b8a5c00000] [id=4920]

Threads with active compile tasks:
C2 CompilerThread0 466986 16567       4       org.gradle.api.internal.tasks.properties.AbstractPropertyNode::getQualifiedPropertyName (38 bytes)
C2 CompilerThread1 466986 16489       4       java.util.regex.Matcher::replaceAll (59 bytes)

VM state:not at safepoint (normal execution)

VM Mutex/Monitor currently owned by a thread: None

Heap address: 0x0000000080000000, size: 2048 MB, Compressed Oops mode: 32-bit
Narrow klass base: 0x0000000000000000, Narrow klass shift: 3
Compressed class space size: 1073741824 Address: 0x0000000100000000

Heap:
 garbage-first heap   total 152576K, used 111218K [0x0000000080000000, 0x0000000100000000)
  region size 1024K, 13 young (13312K), 2 survivors (2048K)
 Metaspace       used 95204K, capacity 97897K, committed 98128K, reserved 1134592K
  class space    used 12136K, capacity 13095K, committed 13136K, reserved 1048576K
Heap Regions: E=young(eden), S=young(survivor), O=old, HS=humongous(starts), HC=humongous(continues), CS=collection set, F=free, A=archive, TAMS=top-at-mark-start (previous, next)
|   0|0x0000000080000000, 0x0000000080100000, 0x0000000080100000|100%| O|  |TAMS 0x0000000080100000, 0x0000000080000000| Untracked 
|   1|0x0000000080100000, 0x0000000080200000, 0x0000000080200000|100%| O|  |TAMS 0x0000000080200000, 0x0000000080100000| Untracked 
|   2|0x0000000080200000, 0x0000000080300000, 0x0000000080300000|100%| O|  |TAMS 0x0000000080300000, 0x0000000080200000| Untracked 
|   3|0x0000000080300000, 0x0000000080400000, 0x0000000080400000|100%|HS|  |TAMS 0x0000000080400000, 0x0000000080300000| Complete 
|   4|0x0000000080400000, 0x0000000080500000, 0x0000000080500000|100%|HC|  |TAMS 0x0000000080500000, 0x0000000080400000| Complete 
|   5|0x0000000080500000, 0x0000000080600000, 0x0000000080600000|100%|HC|  |TAMS 0x0000000080600000, 0x0000000080500000| Complete 
|   6|0x0000000080600000, 0x0000000080700000, 0x0000000080700000|100%| O|  |TAMS 0x0000000080700000, 0x0000000080600000| Untracked 
|   7|0x0000000080700000, 0x0000000080800000, 0x0000000080800000|100%| O|  |TAMS 0x0000000080800000, 0x0000000080700000| Untracked 
|   8|0x0000000080800000, 0x0000000080900000, 0x0000000080900000|100%| O|  |TAMS 0x0000000080900000, 0x0000000080800000| Untracked 
|   9|0x0000000080900000, 0x0000000080a00000, 0x0000000080a00000|100%| O|  |TAMS 0x0000000080a00000, 0x0000000080900000| Complete 
|  10|0x0000000080a00000, 0x0000000080b00000, 0x0000000080b00000|100%| O|  |TAMS 0x0000000080b00000, 0x0000000080a00000| Untracked 
|  11|0x0000000080b00000, 0x0000000080c00000, 0x0000000080c00000|100%| O|  |TAMS 0x0000000080c00000, 0x0000000080b00000| Untracked 
|  12|0x0000000080c00000, 0x0000000080d00000, 0x0000000080d00000|100%| O|  |TAMS 0x0000000080d00000, 0x0000000080c00000| Untracked 
|  13|0x0000000080d00000, 0x0000000080e00000, 0x0000000080e00000|100%| O|  |TAMS 0x0000000080e00000, 0x0000000080d00000| Untracked 
|  14|0x0000000080e00000, 0x0000000080f00000, 0x0000000080f00000|100%| O|  |TAMS 0x0000000080f00000, 0x0000000080e00000| Untracked 
|  15|0x0000000080f00000, 0x0000000081000000, 0x0000000081000000|100%| O|  |TAMS 0x0000000081000000, 0x0000000080f00000| Untracked 
|  16|0x0000000081000000, 0x0000000081100000, 0x0000000081100000|100%|HS|  |TAMS 0x0000000081100000, 0x0000000081000000| Complete 
|  17|0x0000000081100000, 0x0000000081200000, 0x0000000081200000|100%| O|  |TAMS 0x0000000081200000, 0x0000000081100000| Untracked 
|  18|0x0000000081200000, 0x0000000081300000, 0x0000000081300000|100%| O|  |TAMS 0x0000000081300000, 0x0000000081200000| Untracked 
|  19|0x0000000081300000, 0x0000000081400000, 0x0000000081400000|100%| O|  |TAMS 0x0000000081400000, 0x0000000081300000| Complete 
|  20|0x0000000081400000, 0x0000000081500000, 0x0000000081500000|100%| O|  |TAMS 0x0000000081500000, 0x0000000081400000| Untracked 
|  21|0x0000000081500000, 0x0000000081600000, 0x0000000081600000|100%| O|  |TAMS 0x0000000081600000, 0x0000000081500000| Untracked 
|  22|0x0000000081600000, 0x0000000081700000, 0x0000000081700000|100%| O|  |TAMS 0x0000000081700000, 0x0000000081600000| Untracked 
|  23|0x0000000081700000, 0x0000000081800000, 0x0000000081800000|100%| O|  |TAMS 0x0000000081800000, 0x0000000081700000| Untracked 
|  24|0x0000000081800000, 0x0000000081900000, 0x0000000081900000|100%| O|  |TAMS 0x0000000081900000, 0x0000000081800000| Untracked 
|  25|0x0000000081900000, 0x0000000081a00000, 0x0000000081a00000|100%| O|  |TAMS 0x0000000081a00000, 0x0000000081900000| Untracked 
|  26|0x0000000081a00000, 0x0000000081b00000, 0x0000000081b00000|100%| O|  |TAMS 0x0000000081b00000, 0x0000000081a00000| Untracked 
|  27|0x0000000081b00000, 0x0000000081c00000, 0x0000000081c00000|100%| O|  |TAMS 0x0000000081c00000, 0x0000000081b00000| Complete 
|  28|0x0000000081c00000, 0x0000000081d00000, 0x0000000081d00000|100%|HS|  |TAMS 0x0000000081d00000, 0x0000000081c00000| Complete 
|  29|0x0000000081d00000, 0x0000000081e00000, 0x0000000081e00000|100%|HS|  |TAMS 0x0000000081e00000, 0x0000000081d00000| Complete 
|  30|0x0000000081e00000, 0x0000000081f00000, 0x0000000081f00000|100%|HC|  |TAMS 0x0000000081f00000, 0x0000000081e00000| Complete 
|  31|0x0000000081f00000, 0x0000000082000000, 0x0000000082000000|100%| O|  |TAMS 0x0000000082000000, 0x0000000081f00000| Untracked 
|  32|0x0000000082000000, 0x0000000082100000, 0x0000000082100000|100%| O|  |TAMS 0x0000000082100000, 0x0000000082000000| Untracked 
|  33|0x0000000082100000, 0x0000000082200000, 0x0000000082200000|100%| O|  |TAMS 0x0000000082200000, 0x0000000082100000| Complete 
|  34|0x0000000082200000, 0x0000000082300000, 0x0000000082300000|100%| O|  |TAMS 0x0000000082300000, 0x0000000082200000| Complete 
|  35|0x0000000082300000, 0x0000000082400000, 0x0000000082400000|100%| O|  |TAMS 0x0000000082400000, 0x0000000082300000| Untracked 
|  36|0x0000000082400000, 0x0000000082500000, 0x0000000082500000|100%| O|  |TAMS 0x0000000082500000, 0x0000000082400000| Untracked 
|  37|0x0000000082500000, 0x0000000082600000, 0x0000000082600000|100%| O|  |TAMS 0x0000000082600000, 0x0000000082500000| Untracked 
|  38|0x0000000082600000, 0x0000000082700000, 0x0000000082700000|100%| O|  |TAMS 0x0000000082700000, 0x0000000082600000| Untracked 
|  39|0x0000000082700000, 0x0000000082800000, 0x0000000082800000|100%| O|  |TAMS 0x0000000082800000, 0x0000000082700000| Untracked 
|  40|0x0000000082800000, 0x0000000082900000, 0x0000000082900000|100%| O|  |TAMS 0x0000000082900000, 0x0000000082800000| Untracked 
|  41|0x0000000082900000, 0x0000000082a00000, 0x0000000082a00000|100%| O|  |TAMS 0x0000000082a00000, 0x0000000082900000| Untracked 
|  42|0x0000000082a00000, 0x0000000082b00000, 0x0000000082b00000|100%| O|  |TAMS 0x0000000082b00000, 0x0000000082a00000| Untracked 
|  43|0x0000000082b00000, 0x0000000082c00000, 0x0000000082c00000|100%| O|  |TAMS 0x0000000082c00000, 0x0000000082b00000| Complete 
|  44|0x0000000082c00000, 0x0000000082d00000, 0x0000000082d00000|100%| O|  |TAMS 0x0000000082d00000, 0x0000000082c00000| Complete 
|  45|0x0000000082d00000, 0x0000000082e00000, 0x0000000082e00000|100%| O|  |TAMS 0x0000000082e00000, 0x0000000082d00000| Untracked 
|  46|0x0000000082e00000, 0x0000000082f00000, 0x0000000082f00000|100%| O|  |TAMS 0x0000000082f00000, 0x0000000082e00000| Untracked 
|  47|0x0000000082f00000, 0x0000000083000000, 0x0000000083000000|100%| O|  |TAMS 0x0000000083000000, 0x0000000082f00000| Untracked 
|  48|0x0000000083000000, 0x0000000083100000, 0x0000000083100000|100%| O|  |TAMS 0x0000000083100000, 0x0000000083000000| Untracked 
|  49|0x0000000083100000, 0x0000000083200000, 0x0000000083200000|100%| O|  |TAMS 0x0000000083200000, 0x0000000083100000| Untracked 
|  50|0x0000000083200000, 0x0000000083300000, 0x0000000083300000|100%| O|  |TAMS 0x0000000083300000, 0x0000000083200000| Complete 
|  51|0x0000000083300000, 0x0000000083400000, 0x0000000083400000|100%| O|  |TAMS 0x0000000083400000, 0x0000000083300000| Untracked 
|  52|0x0000000083400000, 0x0000000083500000, 0x0000000083500000|100%| O|  |TAMS 0x0000000083500000, 0x0000000083400000| Untracked 
|  53|0x0000000083500000, 0x0000000083600000, 0x0000000083600000|100%| O|  |TAMS 0x0000000083600000, 0x0000000083500000| Complete 
|  54|0x0000000083600000, 0x0000000083700000, 0x0000000083700000|100%| O|  |TAMS 0x0000000083700000, 0x0000000083600000| Complete 
|  55|0x0000000083700000, 0x0000000083800000, 0x0000000083800000|100%| O|  |TAMS 0x0000000083800000, 0x0000000083700000| Untracked 
|  56|0x0000000083800000, 0x0000000083900000, 0x0000000083900000|100%| O|  |TAMS 0x0000000083900000, 0x0000000083800000| Untracked 
|  57|0x0000000083900000, 0x0000000083a00000, 0x0000000083a00000|100%| O|  |TAMS 0x0000000083a00000, 0x0000000083900000| Untracked 
|  58|0x0000000083a00000, 0x0000000083b00000, 0x0000000083b00000|100%| O|  |TAMS 0x0000000083b00000, 0x0000000083a00000| Complete 
|  59|0x0000000083b00000, 0x0000000083c00000, 0x0000000083c00000|100%| O|  |TAMS 0x0000000083c00000, 0x0000000083b00000| Untracked 
|  60|0x0000000083c00000, 0x0000000083d00000, 0x0000000083d00000|100%| O|  |TAMS 0x0000000083d00000, 0x0000000083c00000| Complete 
|  61|0x0000000083d00000, 0x0000000083e00000, 0x0000000083e00000|100%| O|  |TAMS 0x0000000083e00000, 0x0000000083d00000| Complete 
|  62|0x0000000083e00000, 0x0000000083f00000, 0x0000000083f00000|100%| O|  |TAMS 0x0000000083f00000, 0x0000000083e00000| Complete 
|  63|0x0000000083f00000, 0x0000000084000000, 0x0000000084000000|100%| O|  |TAMS 0x0000000084000000, 0x0000000083f00000| Complete 
|  64|0x0000000084000000, 0x0000000084100000, 0x0000000084100000|100%| O|  |TAMS 0x0000000084100000, 0x0000000084000000| Complete 
|  65|0x0000000084100000, 0x0000000084100000, 0x0000000084200000|  0%| F|  |TAMS 0x0000000084100000, 0x0000000084100000| Untracked 
|  66|0x0000000084200000, 0x0000000084300000, 0x0000000084300000|100%| O|  |TAMS 0x0000000084300000, 0x0000000084200000| Complete 
|  67|0x0000000084300000, 0x0000000084400000, 0x0000000084400000|100%| O|  |TAMS 0x0000000084400000, 0x0000000084300000| Untracked 
|  68|0x0000000084400000, 0x0000000084500000, 0x0000000084500000|100%| O|  |TAMS 0x0000000084500000, 0x0000000084400000| Untracked 
|  69|0x0000000084500000, 0x0000000084600000, 0x0000000084600000|100%| O|  |TAMS 0x0000000084600000, 0x0000000084500000| Complete 
|  70|0x0000000084600000, 0x0000000084700000, 0x0000000084700000|100%| O|  |TAMS 0x0000000084700000, 0x0000000084600000| Untracked 
|  71|0x0000000084700000, 0x0000000084800000, 0x0000000084800000|100%| O|  |TAMS 0x0000000084800000, 0x0000000084700000| Untracked 
|  72|0x0000000084800000, 0x0000000084900000, 0x0000000084900000|100%| O|  |TAMS 0x0000000084900000, 0x0000000084800000| Complete 
|  73|0x0000000084900000, 0x0000000084a00000, 0x0000000084a00000|100%| O|  |TAMS 0x0000000084a00000, 0x0000000084900000| Complete 
|  74|0x0000000084a00000, 0x0000000084b00000, 0x0000000084b00000|100%| O|  |TAMS 0x0000000084b00000, 0x0000000084a00000| Complete 
|  75|0x0000000084b00000, 0x0000000084c00000, 0x0000000084c00000|100%| O|  |TAMS 0x0000000084c00000, 0x0000000084b00000| Complete 
|  76|0x0000000084c00000, 0x0000000084ca7200, 0x0000000084d00000| 65%| O|  |TAMS 0x0000000084ca7200, 0x0000000084c00000| Untracked 
|  77|0x0000000084d00000, 0x0000000084e00000, 0x0000000084e00000|100%| O|  |TAMS 0x0000000084e00000, 0x0000000084d00000| Complete 
|  78|0x0000000084e00000, 0x0000000084e00000, 0x0000000084f00000|  0%| F|  |TAMS 0x0000000084e00000, 0x0000000084e00000| Untracked 
|  79|0x0000000084f00000, 0x0000000084f00000, 0x0000000085000000|  0%| F|  |TAMS 0x0000000084f00000, 0x0000000084f00000| Untracked 
|  80|0x0000000085000000, 0x0000000085100000, 0x0000000085100000|100%| O|  |TAMS 0x0000000085100000, 0x0000000085000000| Complete 
|  81|0x0000000085100000, 0x0000000085100000, 0x0000000085200000|  0%| F|  |TAMS 0x0000000085100000, 0x0000000085100000| Untracked 
|  82|0x0000000085200000, 0x0000000085200000, 0x0000000085300000|  0%| F|  |TAMS 0x0000000085200000, 0x0000000085200000| Untracked 
|  83|0x0000000085300000, 0x0000000085300000, 0x0000000085400000|  0%| F|  |TAMS 0x0000000085300000, 0x0000000085300000| Untracked 
|  84|0x0000000085400000, 0x0000000085500000, 0x0000000085500000|100%| O|  |TAMS 0x0000000085500000, 0x0000000085400000| Complete 
|  85|0x0000000085500000, 0x0000000085600000, 0x0000000085600000|100%| O|  |TAMS 0x0000000085600000, 0x0000000085500000| Complete 
|  86|0x0000000085600000, 0x0000000085700000, 0x0000000085700000|100%| O|  |TAMS 0x0000000085700000, 0x0000000085600000| Complete 
|  87|0x0000000085700000, 0x0000000085700000, 0x0000000085800000|  0%| F|  |TAMS 0x0000000085700000, 0x0000000085700000| Untracked 
|  88|0x0000000085800000, 0x0000000085800000, 0x0000000085900000|  0%| F|  |TAMS 0x0000000085800000, 0x0000000085800000| Untracked 
|  89|0x0000000085900000, 0x0000000085a00000, 0x0000000085a00000|100%| O|  |TAMS 0x0000000085a00000, 0x0000000085900000| Complete 
|  90|0x0000000085a00000, 0x0000000085b00000, 0x0000000085b00000|100%| O|  |TAMS 0x0000000085b00000, 0x0000000085a00000| Complete 
|  91|0x0000000085b00000, 0x0000000085c00000, 0x0000000085c00000|100%| O|  |TAMS 0x0000000085c00000, 0x0000000085b00000| Complete 
|  92|0x0000000085c00000, 0x0000000085d00000, 0x0000000085d00000|100%| O|  |TAMS 0x0000000085d00000, 0x0000000085c00000| Untracked 
|  93|0x0000000085d00000, 0x0000000085e00000, 0x0000000085e00000|100%| O|  |TAMS 0x0000000085e00000, 0x0000000085d00000| Untracked 
|  94|0x0000000085e00000, 0x0000000085f00000, 0x0000000085f00000|100%| O|  |TAMS 0x0000000085f00000, 0x0000000085e00000| Untracked 
|  95|0x0000000085f00000, 0x0000000086000000, 0x0000000086000000|100%| O|  |TAMS 0x0000000086000000, 0x0000000085f00000| Complete 
|  96|0x0000000086000000, 0x0000000086000000, 0x0000000086100000|  0%| F|  |TAMS 0x0000000086000000, 0x0000000086000000| Untracked 
|  97|0x0000000086100000, 0x0000000086200000, 0x0000000086200000|100%| O|  |TAMS 0x0000000086200000, 0x0000000086100000| Complete 
|  98|0x0000000086200000, 0x0000000086300000, 0x0000000086300000|100%| O|  |TAMS 0x0000000086300000, 0x0000000086200000| Untracked 
|  99|0x0000000086300000, 0x0000000086400000, 0x0000000086400000|100%| O|  |TAMS 0x0000000086400000, 0x0000000086300000| Untracked 
| 100|0x0000000086400000, 0x0000000086500000, 0x0000000086500000|100%| O|  |TAMS 0x0000000086500000, 0x0000000086400000| Untracked 
| 101|0x0000000086500000, 0x0000000086600000, 0x0000000086600000|100%| O|  |TAMS 0x0000000086600000, 0x0000000086500000| Complete 
| 102|0x0000000086600000, 0x0000000086600000, 0x0000000086700000|  0%| F|  |TAMS 0x0000000086600000, 0x0000000086600000| Untracked 
| 103|0x0000000086700000, 0x0000000086800000, 0x0000000086800000|100%| O|  |TAMS 0x0000000086800000, 0x0000000086700000| Complete 
| 104|0x0000000086800000, 0x0000000086900000, 0x0000000086900000|100%| O|  |TAMS 0x0000000086900000, 0x0000000086800000| Complete 
| 105|0x0000000086900000, 0x0000000086a00000, 0x0000000086a00000|100%| O|  |TAMS 0x0000000086a00000, 0x0000000086900000| Complete 
| 106|0x0000000086a00000, 0x0000000086b00000, 0x0000000086b00000|100%| O|  |TAMS 0x0000000086b00000, 0x0000000086a00000| Complete 
| 107|0x0000000086b00000, 0x0000000086b00000, 0x0000000086c00000|  0%| F|  |TAMS 0x0000000086b00000, 0x0000000086b00000| Untracked 
| 108|0x0000000086c00000, 0x0000000086c00000, 0x0000000086d00000|  0%| F|  |TAMS 0x0000000086c00000, 0x0000000086c00000| Untracked 
| 109|0x0000000086d00000, 0x0000000086d00000, 0x0000000086e00000|  0%| F|  |TAMS 0x0000000086d00000, 0x0000000086d00000| Untracked 
| 110|0x0000000086e00000, 0x0000000086e00000, 0x0000000086f00000|  0%| F|  |TAMS 0x0000000086e00000, 0x0000000086e00000| Untracked 
| 111|0x0000000086f00000, 0x0000000086f00000, 0x0000000087000000|  0%| F|  |TAMS 0x0000000086f00000, 0x0000000086f00000| Untracked 
| 112|0x0000000087000000, 0x0000000087000000, 0x0000000087100000|  0%| F|  |TAMS 0x0000000087000000, 0x0000000087000000| Untracked 
| 113|0x0000000087100000, 0x0000000087100000, 0x0000000087200000|  0%| F|  |TAMS 0x0000000087100000, 0x0000000087100000| Untracked 
| 114|0x0000000087200000, 0x0000000087200000, 0x0000000087300000|  0%| F|  |TAMS 0x0000000087200000, 0x0000000087200000| Untracked 
| 115|0x0000000087300000, 0x0000000087300000, 0x0000000087400000|  0%| F|  |TAMS 0x0000000087300000, 0x0000000087300000| Untracked 
| 116|0x0000000087400000, 0x0000000087400000, 0x0000000087500000|  0%| F|  |TAMS 0x0000000087400000, 0x0000000087400000| Untracked 
| 117|0x0000000087500000, 0x0000000087500000, 0x0000000087600000|  0%| F|  |TAMS 0x0000000087500000, 0x0000000087500000| Untracked 
| 118|0x0000000087600000, 0x0000000087600000, 0x0000000087700000|  0%| F|  |TAMS 0x0000000087600000, 0x0000000087600000| Untracked 
| 119|0x0000000087700000, 0x0000000087700000, 0x0000000087800000|  0%| F|  |TAMS 0x0000000087700000, 0x0000000087700000| Untracked 
| 120|0x0000000087800000, 0x00000000878f5940, 0x0000000087900000| 95%| S|CS|TAMS 0x0000000087800000, 0x0000000087800000| Complete 
| 121|0x0000000087900000, 0x0000000087a00000, 0x0000000087a00000|100%| S|CS|TAMS 0x0000000087900000, 0x0000000087900000| Complete 
| 122|0x0000000087a00000, 0x0000000087a00000, 0x0000000087b00000|  0%| F|  |TAMS 0x0000000087a00000, 0x0000000087a00000| Untracked 
| 123|0x0000000087b00000, 0x0000000087b00000, 0x0000000087c00000|  0%| F|  |TAMS 0x0000000087b00000, 0x0000000087b00000| Untracked 
| 124|0x0000000087c00000, 0x0000000087c00000, 0x0000000087d00000|  0%| F|  |TAMS 0x0000000087c00000, 0x0000000087c00000| Untracked 
| 125|0x0000000087d00000, 0x0000000087d00000, 0x0000000087e00000|  0%| F|  |TAMS 0x0000000087d00000, 0x0000000087d00000| Untracked 
| 126|0x0000000087e00000, 0x0000000087e00000, 0x0000000087f00000|  0%| F|  |TAMS 0x0000000087e00000, 0x0000000087e00000| Untracked 
| 127|0x0000000087f00000, 0x0000000087f00000, 0x0000000088000000|  0%| F|  |TAMS 0x0000000087f00000, 0x0000000087f00000| Untracked 
| 128|0x0000000088000000, 0x0000000088000000, 0x0000000088100000|  0%| F|  |TAMS 0x0000000088000000, 0x0000000088000000| Untracked 
| 129|0x0000000088100000, 0x0000000088100000, 0x0000000088200000|  0%| F|  |TAMS 0x0000000088100000, 0x0000000088100000| Untracked 
| 130|0x0000000088200000, 0x0000000088200000, 0x0000000088300000|  0%| F|  |TAMS 0x0000000088200000, 0x0000000088200000| Untracked 
| 131|0x0000000088300000, 0x0000000088300000, 0x0000000088400000|  0%| F|  |TAMS 0x0000000088300000, 0x0000000088300000| Untracked 
| 132|0x0000000088400000, 0x0000000088400000, 0x0000000088500000|  0%| F|  |TAMS 0x0000000088400000, 0x0000000088400000| Untracked 
| 133|0x0000000088500000, 0x0000000088500000, 0x0000000088600000|  0%| F|  |TAMS 0x0000000088500000, 0x0000000088500000| Untracked 
| 134|0x0000000088600000, 0x0000000088600000, 0x0000000088700000|  0%| F|  |TAMS 0x0000000088600000, 0x0000000088600000| Untracked 
| 135|0x0000000088700000, 0x0000000088700000, 0x0000000088800000|  0%| F|  |TAMS 0x0000000088700000, 0x0000000088700000| Untracked 
| 136|0x0000000088800000, 0x0000000088800000, 0x0000000088900000|  0%| F|  |TAMS 0x0000000088800000, 0x0000000088800000| Untracked 
| 137|0x0000000088900000, 0x0000000088900000, 0x0000000088a00000|  0%| F|  |TAMS 0x0000000088900000, 0x0000000088900000| Untracked 
| 138|0x0000000088a00000, 0x0000000088a89df8, 0x0000000088b00000| 53%| E|  |TAMS 0x0000000088a00000, 0x0000000088a00000| Complete 
| 139|0x0000000088b00000, 0x0000000088c00000, 0x0000000088c00000|100%| E|CS|TAMS 0x0000000088b00000, 0x0000000088b00000| Complete 
| 140|0x0000000088c00000, 0x0000000088d00000, 0x0000000088d00000|100%| E|CS|TAMS 0x0000000088c00000, 0x0000000088c00000| Complete 
| 141|0x0000000088d00000, 0x0000000088e00000, 0x0000000088e00000|100%| E|CS|TAMS 0x0000000088d00000, 0x0000000088d00000| Complete 
| 142|0x0000000088e00000, 0x0000000088f00000, 0x0000000088f00000|100%| E|CS|TAMS 0x0000000088e00000, 0x0000000088e00000| Complete 
| 143|0x0000000088f00000, 0x0000000089000000, 0x0000000089000000|100%| E|CS|TAMS 0x0000000088f00000, 0x0000000088f00000| Complete 
| 144|0x0000000089000000, 0x0000000089100000, 0x0000000089100000|100%| E|CS|TAMS 0x0000000089000000, 0x0000000089000000| Complete 
| 145|0x0000000089100000, 0x0000000089200000, 0x0000000089200000|100%| E|CS|TAMS 0x0000000089100000, 0x0000000089100000| Complete 
| 146|0x0000000089200000, 0x0000000089300000, 0x0000000089300000|100%| E|CS|TAMS 0x0000000089200000, 0x0000000089200000| Complete 
| 147|0x0000000089300000, 0x0000000089400000, 0x0000000089400000|100%| E|CS|TAMS 0x0000000089300000, 0x0000000089300000| Complete 
| 148|0x0000000089400000, 0x0000000089500000, 0x0000000089500000|100%| E|CS|TAMS 0x0000000089400000, 0x0000000089400000| Complete 

Card table byte_map: [0x0000026999d00000,0x000002699a100000] _byte_map_base: 0x0000026999900000

Marking Bits (Prev, Next): (CMBitMap*) 0x0000026986afdc60, (CMBitMap*) 0x0000026986afdc28
 Prev Bits: [0x000002699c500000, 0x000002699e500000)
 Next Bits: [0x000002699a500000, 0x000002699c500000)

Polling page: 0x0000026984a10000

Metaspace:

Usage:
  Non-class:     82.81 MB capacity,    81.12 MB ( 98%) used,     1.40 MB (  2%) free+waste,   305.31 KB ( <1%) overhead. 
      Class:     12.79 MB capacity,    11.85 MB ( 93%) used,   823.25 KB (  6%) free+waste,   135.38 KB (  1%) overhead. 
       Both:     95.60 MB capacity,    92.97 MB ( 97%) used,     2.20 MB (  2%) free+waste,   440.69 KB ( <1%) overhead. 

Virtual space:
  Non-class space:       84.00 MB reserved,      83.00 MB ( 99%) committed 
      Class space:        1.00 GB reserved,      12.83 MB (  1%) committed 
             Both:        1.08 GB reserved,      95.83 MB (  9%) committed 

Chunk freelists:
   Non-Class:  0 bytes
       Class:  0 bytes
        Both:  0 bytes

MaxMetaspaceSize: 17179869184.00 GB
CompressedClassSpaceSize: 1.00 GB
Initial GC threshold: 20.80 MB
Current GC threshold: 159.30 MB
CDS: off

CodeHeap 'non-profiled nmethods': size=120000Kb used=10673Kb max_used=10673Kb free=109326Kb
 bounds [0x00000269920a0000, 0x0000026992b10000, 0x00000269995d0000]
CodeHeap 'profiled nmethods': size=120000Kb used=33957Kb max_used=33957Kb free=86042Kb
 bounds [0x000002698ab70000, 0x000002698cca0000, 0x00000269920a0000]
CodeHeap 'non-nmethods': size=5760Kb used=2409Kb max_used=2508Kb free=3350Kb
 bounds [0x000002698a5d0000, 0x000002698a850000, 0x000002698ab70000]
 total_blobs=17148 nmethods=16235 adapters=824
 compilation: enabled
              stopped_count=0, restarted_count=0
 full_count=0

Compilation events (20 events):
Event: 466.941 Thread 0x00000269a0f67800 nmethod 16524 0x000002698cc74710 code [0x000002698cc74920, 0x000002698cc74e78]
Event: 466.942 Thread 0x00000269a0f67800 16525       3       org.gradle.api.internal.project.DefaultProject_Decorated::getFileOperations (32 bytes)
Event: 466.942 Thread 0x00000269a0f67800 nmethod 16525 0x000002698cc75090 code [0x000002698cc75260, 0x000002698cc75668]
Event: 466.942 Thread 0x00000269a0f67800 16526       3       com.android.build.gradle.internal.utils.HasConfigurableValuesKt::fromDisallowChanges (32 bytes)
Event: 466.943 Thread 0x00000269a0f67800 nmethod 16526 0x000002698cc75790 code [0x000002698cc75a60, 0x000002698cc76688]
Event: 466.943 Thread 0x00000269a0f67800 16527       3       com.android.build.gradle.internal.tasks.AndroidVariantTask::setVariantName (12 bytes)
Event: 466.943 Thread 0x00000269a0f67800 nmethod 16527 0x000002698cc76b10 code [0x000002698cc76d40, 0x000002698cc77318]
Event: 466.944 Thread 0x00000269a0f67800 16528       3       org.gradle.api.internal.CompositeDomainObjectSet$DomainObjectCompositeCollection::onRealize (1 bytes)
Event: 466.944 Thread 0x00000269a0f67800 nmethod 16528 0x000002698cc77590 code [0x000002698cc77740, 0x000002698cc77838]
Event: 466.944 Thread 0x00000269a0f67800 16529       3       org.gradle.api.internal.CompositeDomainObjectSet$ItemIsUniqueInCompositeSpec::<init> (10 bytes)
Event: 466.944 Thread 0x00000269a0f67800 nmethod 16529 0x000002698cc77910 code [0x000002698cc77ac0, 0x000002698cc77c78]
Event: 466.945 Thread 0x00000269a0f67800 16530       3       org.gradle.api.tasks.util.internal.PatternSpecFactory::createIncludeSpec (67 bytes)
Event: 466.947 Thread 0x00000269a0f67800 nmethod 16530 0x000002698cc77d90 code [0x000002698cc781e0, 0x000002698cc7a578]
Event: 466.947 Thread 0x00000269a0f67800 16533       3       org.gradle.api.internal.CompositeDomainObjectSet::addCollection (49 bytes)
Event: 466.947 Thread 0x00000269a0f67800 nmethod 16533 0x000002698cc7b090 code [0x000002698cc7b300, 0x000002698cc7be38]
Event: 466.947 Thread 0x00000269a0f67800 16534       3       org.gradle.api.internal.DefaultDomainObjectCollection::whenObjectRemoved (20 bytes)
Event: 466.948 Thread 0x00000269a0f67800 nmethod 16534 0x000002698cc7c190 code [0x000002698cc7c380, 0x000002698cc7c748]
Event: 466.948 Thread 0x00000269a0f67800 16535       3       org.gradle.api.internal.collections.DefaultCollectionEventRegister::registerRemoveAction (6 bytes)
Event: 466.948 Thread 0x00000269a0f67800 nmethod 16535 0x000002698cc7c890 code [0x000002698cc7ca60, 0x000002698cc7ccc8]
Event: 466.948 Thread 0x00000269a0f67800 16531       3       org.gradle.api.tasks.util.internal.PatternSpecFactory::createExcludeSpec (98 bytes)

GC Heap History (20 events):
Event: 313.178 GC heap before
{Heap before GC invocations=52 (full 0):
 garbage-first heap   total 152576K, used 108855K [0x0000000080000000, 0x0000000100000000)
  region size 1024K, 12 young (12288K), 1 survivors (1024K)
 Metaspace       used 94583K, capacity 97244K, committed 97360K, reserved 1134592K
  class space    used 12104K, capacity 13039K, committed 13136K, reserved 1048576K
}
Event: 313.181 GC heap after
{Heap after GC invocations=53 (full 0):
 garbage-first heap   total 152576K, used 99903K [0x0000000080000000, 0x0000000100000000)
  region size 1024K, 1 young (1024K), 1 survivors (1024K)
 Metaspace       used 94583K, capacity 97244K, committed 97360K, reserved 1134592K
  class space    used 12104K, capacity 13039K, committed 13136K, reserved 1048576K
}
Event: 330.407 GC heap before
{Heap before GC invocations=54 (full 0):
 garbage-first heap   total 152576K, used 145983K [0x0000000080000000, 0x0000000100000000)
  region size 1024K, 27 young (27648K), 1 survivors (1024K)
 Metaspace       used 94633K, capacity 97250K, committed 97360K, reserved 1134592K
  class space    used 12105K, capacity 13040K, committed 13136K, reserved 1048576K
}
Event: 330.412 GC heap after
{Heap after GC invocations=55 (full 0):
 garbage-first heap   total 152576K, used 101662K [0x0000000080000000, 0x0000000100000000)
  region size 1024K, 3 young (3072K), 3 survivors (3072K)
 Metaspace       used 94633K, capacity 97250K, committed 97360K, reserved 1134592K
  class space    used 12105K, capacity 13040K, committed 13136K, reserved 1048576K
}
Event: 330.456 GC heap before
{Heap before GC invocations=55 (full 0):
 garbage-first heap   total 152576K, used 105758K [0x0000000080000000, 0x0000000100000000)
  region size 1024K, 7 young (7168K), 3 survivors (3072K)
 Metaspace       used 94685K, capacity 97254K, committed 97360K, reserved 1134592K
  class space    used 12105K, capacity 13040K, committed 13136K, reserved 1048576K
}
Event: 330.465 GC heap after
{Heap after GC invocations=56 (full 0):
 garbage-first heap   total 152576K, used 99795K [0x0000000080000000, 0x0000000100000000)
  region size 1024K, 1 young (1024K), 1 survivors (1024K)
 Metaspace       used 94685K, capacity 97254K, committed 97360K, reserved 1134592K
  class space    used 12105K, capacity 13040K, committed 13136K, reserved 1048576K
}
Event: 330.780 GC heap before
{Heap before GC invocations=56 (full 0):
 garbage-first heap   total 152576K, used 126419K [0x0000000080000000, 0x0000000100000000)
  region size 1024K, 27 young (27648K), 1 survivors (1024K)
 Metaspace       used 94786K, capacity 97395K, committed 97616K, reserved 1134592K
  class space    used 12106K, capacity 13043K, committed 13136K, reserved 1048576K
}
Event: 330.795 GC heap after
{Heap after GC invocations=57 (full 0):
 garbage-first heap   total 152576K, used 103611K [0x0000000080000000, 0x0000000100000000)
  region size 1024K, 4 young (4096K), 4 survivors (4096K)
 Metaspace       used 94786K, capacity 97395K, committed 97616K, reserved 1134592K
  class space    used 12106K, capacity 13043K, committed 13136K, reserved 1048576K
}
Event: 332.731 GC heap before
{Heap before GC invocations=58 (full 0):
 garbage-first heap   total 152576K, used 127163K [0x0000000080000000, 0x0000000100000000)
  region size 1024K, 28 young (28672K), 4 survivors (4096K)
 Metaspace       used 94812K, capacity 97398K, committed 97616K, reserved 1134592K
  class space    used 12107K, capacity 13044K, committed 13136K, reserved 1048576K
}
Event: 332.739 GC heap after
{Heap after GC invocations=59 (full 0):
 garbage-first heap   total 152576K, used 107890K [0x0000000080000000, 0x0000000100000000)
  region size 1024K, 4 young (4096K), 4 survivors (4096K)
 Metaspace       used 94812K, capacity 97398K, committed 97616K, reserved 1134592K
  class space    used 12107K, capacity 13044K, committed 13136K, reserved 1048576K
}
Event: 332.750 GC heap before
{Heap before GC invocations=59 (full 0):
 garbage-first heap   total 152576K, used 110962K [0x0000000080000000, 0x0000000100000000)
  region size 1024K, 7 young (7168K), 4 survivors (4096K)
 Metaspace       used 94812K, capacity 97398K, committed 97616K, reserved 1134592K
  class space    used 12107K, capacity 13044K, committed 13136K, reserved 1048576K
}
Event: 332.760 GC heap after
{Heap after GC invocations=60 (full 0):
 garbage-first heap   total 152576K, used 97872K [0x0000000080000000, 0x0000000100000000)
  region size 1024K, 1 young (1024K), 1 survivors (1024K)
 Metaspace       used 94812K, capacity 97398K, committed 97616K, reserved 1134592K
  class space    used 12107K, capacity 13044K, committed 13136K, reserved 1048576K
}
Event: 332.874 GC heap before
{Heap before GC invocations=60 (full 0):
 garbage-first heap   total 152576K, used 122448K [0x0000000080000000, 0x0000000100000000)
  region size 1024K, 26 young (26624K), 1 survivors (1024K)
 Metaspace       used 94831K, capacity 97462K, committed 97616K, reserved 1134592K
  class space    used 12107K, capacity 13044K, committed 13136K, reserved 1048576K
}
Event: 332.885 GC heap after
{Heap after GC invocations=61 (full 0):
 garbage-first heap   total 152576K, used 100222K [0x0000000080000000, 0x0000000100000000)
  region size 1024K, 4 young (4096K), 4 survivors (4096K)
 Metaspace       used 94831K, capacity 97462K, committed 97616K, reserved 1134592K
  class space    used 12107K, capacity 13044K, committed 13136K, reserved 1048576K
}
Event: 333.206 GC heap before
{Heap before GC invocations=62 (full 0):
 garbage-first heap   total 152576K, used 123774K [0x0000000080000000, 0x0000000100000000)
  region size 1024K, 28 young (28672K), 4 survivors (4096K)
 Metaspace       used 94889K, capacity 97478K, committed 97616K, reserved 1134592K
  class space    used 12109K, capacity 13047K, committed 13136K, reserved 1048576K
}
Event: 333.211 GC heap after
{Heap after GC invocations=63 (full 0):
 garbage-first heap   total 152576K, used 99762K [0x0000000080000000, 0x0000000100000000)
  region size 1024K, 2 young (2048K), 2 survivors (2048K)
 Metaspace       used 94889K, capacity 97478K, committed 97616K, reserved 1134592K
  class space    used 12109K, capacity 13047K, committed 13136K, reserved 1048576K
}
Event: 333.369 GC heap before
{Heap before GC invocations=63 (full 0):
 garbage-first heap   total 152576K, used 122290K [0x0000000080000000, 0x0000000100000000)
  region size 1024K, 7 young (7168K), 2 survivors (2048K)
 Metaspace       used 94896K, capacity 97478K, committed 97616K, reserved 1134592K
  class space    used 12109K, capacity 13047K, committed 13136K, reserved 1048576K
}
Event: 333.371 GC heap after
{Heap after GC invocations=64 (full 0):
 garbage-first heap   total 152576K, used 99273K [0x0000000080000000, 0x0000000100000000)
  region size 1024K, 1 young (1024K), 1 survivors (1024K)
 Metaspace       used 94896K, capacity 97478K, committed 97616K, reserved 1134592K
  class space    used 12109K, capacity 13047K, committed 13136K, reserved 1048576K
}
Event: 466.157 GC heap before
{Heap before GC invocations=64 (full 0):
 garbage-first heap   total 152576K, used 125897K [0x0000000080000000, 0x0000000100000000)
  region size 1024K, 27 young (27648K), 1 survivors (1024K)
 Metaspace       used 94976K, capacity 97645K, committed 97872K, reserved 1134592K
  class space    used 12113K, capacity 13054K, committed 13136K, reserved 1048576K
}
Event: 466.198 GC heap after
{Heap after GC invocations=65 (full 0):
 garbage-first heap   total 152576K, used 100978K [0x0000000080000000, 0x0000000100000000)
  region size 1024K, 2 young (2048K), 2 survivors (2048K)
 Metaspace       used 94976K, capacity 97645K, committed 97872K, reserved 1134592K
  class space    used 12113K, capacity 13054K, committed 13136K, reserved 1048576K
}

Deoptimization events (20 events):
Event: 466.053 Thread 0x00000269af522000 DEOPT PACKING pc=0x0000026992a848f0 sp=0x000000b8a6cf7b70
Event: 466.053 Thread 0x00000269af522000 DEOPT UNPACKING pc=0x000002698a5d85af sp=0x000000b8a6cf7b30 mode 2
Event: 466.054 Thread 0x00000269af522000 Uncommon trap: trap_request=0xffffffd6 fr.pc=0x0000026992a848f0 relative=0x0000000000000e90
Event: 466.054 Thread 0x00000269af522000 Uncommon trap: reason=array_check action=maybe_recompile pc=0x0000026992a848f0 method=com.google.common.collect.RegularImmutableMap.fromEntryArray(I[Ljava/util/Map$Entry;)Lcom/google/common/collect/ImmutableMap; @ 157 c2
Event: 466.054 Thread 0x00000269af522000 DEOPT PACKING pc=0x0000026992a848f0 sp=0x000000b8a6cf7b70
Event: 466.054 Thread 0x00000269af522000 DEOPT UNPACKING pc=0x000002698a5d85af sp=0x000000b8a6cf7b30 mode 2
Event: 466.054 Thread 0x00000269af522000 Uncommon trap: trap_request=0xffffffd6 fr.pc=0x0000026992a848f0 relative=0x0000000000000e90
Event: 466.054 Thread 0x00000269af522000 Uncommon trap: reason=array_check action=maybe_recompile pc=0x0000026992a848f0 method=com.google.common.collect.RegularImmutableMap.fromEntryArray(I[Ljava/util/Map$Entry;)Lcom/google/common/collect/ImmutableMap; @ 157 c2
Event: 466.054 Thread 0x00000269af522000 DEOPT PACKING pc=0x0000026992a848f0 sp=0x000000b8a6cf7b70
Event: 466.054 Thread 0x00000269af522000 DEOPT UNPACKING pc=0x000002698a5d85af sp=0x000000b8a6cf7b30 mode 2
Event: 466.698 Thread 0x00000269af522000 DEOPT PACKING pc=0x000002698b0eb616 sp=0x000000b8a6cf8e80
Event: 466.698 Thread 0x00000269af522000 DEOPT UNPACKING pc=0x000002698a619d0e sp=0x000000b8a6cf8398 mode 0
Event: 466.816 Thread 0x00000269a1a1b000 Uncommon trap: trap_request=0xffffffde fr.pc=0x00000269921f1e6c relative=0x000000000000052c
Event: 466.816 Thread 0x00000269a1a1b000 Uncommon trap: reason=class_check action=maybe_recompile pc=0x00000269921f1e6c method=jdk.internal.ref.PhantomCleanable.clean()V @ 12 c2
Event: 466.816 Thread 0x00000269a1a1b000 DEOPT PACKING pc=0x00000269921f1e6c sp=0x000000b8a65fec60
Event: 466.816 Thread 0x00000269a1a1b000 DEOPT UNPACKING pc=0x000002698a5d85af sp=0x000000b8a65fec40 mode 2
Event: 466.895 Thread 0x00000269af522000 DEOPT PACKING pc=0x000002698b9186da sp=0x000000b8a6cf8c90
Event: 466.895 Thread 0x00000269af522000 DEOPT UNPACKING pc=0x000002698a619d0e sp=0x000000b8a6cf81b0 mode 0
Event: 466.911 Thread 0x00000269af522000 DEOPT PACKING pc=0x000002698b9186da sp=0x000000b8a6cf8bb0
Event: 466.911 Thread 0x00000269af522000 DEOPT UNPACKING pc=0x000002698a619d0e sp=0x000000b8a6cf80d0 mode 0

Classes redefined (0 events):
No events

Internal exceptions (20 events):
Event: 330.453 Thread 0x00000269a511d800 Exception <a 'java/lang/NoClassDefFoundError'{0x00000000891b7da8}: org/jetbrains/kotlin/gradle/plugin/KotlinBasePluginWrapper> (0x00000000891b7da8) thrown at [./src/hotspot/share/oops/constantPool.cpp, line 775]
Event: 330.509 Thread 0x00000269a511d800 Exception <a 'sun/nio/fs/WindowsException'{0x00000000892af618}> (0x00000000892af618) thrown at [./src/hotspot/share/prims/jni.cpp, line 615]
Event: 330.517 Thread 0x00000269a511d800 Exception <a 'sun/nio/fs/WindowsException'{0x000000008914af68}> (0x000000008914af68) thrown at [./src/hotspot/share/prims/jni.cpp, line 615]
Event: 330.517 Thread 0x00000269a511d800 Exception <a 'sun/nio/fs/WindowsException'{0x000000008914c2f0}> (0x000000008914c2f0) thrown at [./src/hotspot/share/prims/jni.cpp, line 615]
Event: 330.517 Thread 0x00000269a511d800 Exception <a 'sun/nio/fs/WindowsException'{0x000000008914d6c8}> (0x000000008914d6c8) thrown at [./src/hotspot/share/prims/jni.cpp, line 615]
Event: 330.517 Thread 0x00000269a511d800 Exception <a 'sun/nio/fs/WindowsException'{0x000000008914ecf8}> (0x000000008914ecf8) thrown at [./src/hotspot/share/prims/jni.cpp, line 615]
Event: 332.818 Thread 0x00000269a9177000 Exception <a 'sun/nio/fs/WindowsException'{0x000000008864fb98}> (0x000000008864fb98) thrown at [./src/hotspot/share/prims/jni.cpp, line 615]
Event: 332.818 Thread 0x00000269a9177000 Exception <a 'sun/nio/fs/WindowsException'{0x000000008864fc38}> (0x000000008864fc38) thrown at [./src/hotspot/share/prims/jni.cpp, line 615]
Event: 332.818 Thread 0x00000269a9177000 Exception <a 'sun/nio/fs/WindowsException'{0x000000008864fd20}> (0x000000008864fd20) thrown at [./src/hotspot/share/prims/jni.cpp, line 615]
Event: 333.017 Thread 0x00000269a916c000 Implicit null exception at 0x000002699281e9ba to 0x000002699281f684
Event: 333.352 Thread 0x00000269a511d800 Exception <a 'sun/nio/fs/WindowsException'{0x00000000892dcb20}> (0x00000000892dcb20) thrown at [./src/hotspot/share/prims/jni.cpp, line 615]
Event: 333.352 Thread 0x00000269a511d800 Exception <a 'sun/nio/fs/WindowsException'{0x00000000892dcc70}> (0x00000000892dcc70) thrown at [./src/hotspot/share/prims/jni.cpp, line 615]
Event: 333.352 Thread 0x00000269a511d800 Exception <a 'sun/nio/fs/WindowsException'{0x00000000892de568}> (0x00000000892de568) thrown at [./src/hotspot/share/prims/jni.cpp, line 615]
Event: 466.370 Thread 0x00000269af522000 Exception <a 'sun/nio/fs/WindowsException'{0x0000000089466038}> (0x0000000089466038) thrown at [./src/hotspot/share/prims/jni.cpp, line 615]
Event: 466.687 Thread 0x00000269af522000 Exception <a 'java/lang/NoClassDefFoundError'{0x000000008902cec0}: org/jetbrains/kotlin/gradle/plugin/KotlinBasePluginWrapper> (0x000000008902cec0) thrown at [./src/hotspot/share/oops/constantPool.cpp, line 775]
Event: 466.864 Thread 0x00000269af522000 Exception <a 'sun/nio/fs/WindowsException'{0x0000000088fbefc0}> (0x0000000088fbefc0) thrown at [./src/hotspot/share/prims/jni.cpp, line 615]
Event: 466.905 Thread 0x00000269af522000 Exception <a 'sun/nio/fs/WindowsException'{0x0000000088e63210}> (0x0000000088e63210) thrown at [./src/hotspot/share/prims/jni.cpp, line 615]
Event: 466.906 Thread 0x00000269af522000 Exception <a 'sun/nio/fs/WindowsException'{0x0000000088e64598}> (0x0000000088e64598) thrown at [./src/hotspot/share/prims/jni.cpp, line 615]
Event: 466.906 Thread 0x00000269af522000 Exception <a 'sun/nio/fs/WindowsException'{0x0000000088e65970}> (0x0000000088e65970) thrown at [./src/hotspot/share/prims/jni.cpp, line 615]
Event: 466.906 Thread 0x00000269af522000 Exception <a 'sun/nio/fs/WindowsException'{0x0000000088e66d48}> (0x0000000088e66d48) thrown at [./src/hotspot/share/prims/jni.cpp, line 615]

Events (20 events):
Event: 465.885 Thread 0x00000269a73ae000 Thread added: 0x00000269a73ae000
Event: 465.886 Thread 0x00000269a73af000 Thread added: 0x00000269a73af000
Event: 465.886 Thread 0x00000269a73aa000 Thread added: 0x00000269a73aa000
Event: 465.886 Thread 0x00000269a73b0000 Thread added: 0x00000269a73b0000
Event: 465.886 Thread 0x00000269a73b0800 Thread added: 0x00000269a73b0800
Event: 465.887 Thread 0x00000269a916c000 Thread added: 0x00000269a916c000
Event: 465.887 Thread 0x00000269a916a800 Thread added: 0x00000269a916a800
Event: 465.887 Thread 0x00000269a916d000 Thread added: 0x00000269a916d000
Event: 465.887 Thread 0x00000269a916b800 Thread added: 0x00000269a916b800
Event: 465.923 Thread 0x00000269a74f5000 Thread added: 0x00000269a74f5000
Event: 466.156 Executing VM operation: G1CollectForAllocation
Event: 466.198 Executing VM operation: G1CollectForAllocation done
Event: 466.609 loading class org/gradle/api/internal/provider/AbstractProperty$1
Event: 466.609 loading class org/gradle/api/internal/provider/AbstractProperty$1 done
Event: 466.715 Executing VM operation: CGC_Operation
Event: 466.816 Executing VM operation: CGC_Operation done
Event: 466.873 Executing VM operation: CGC_Operation
Event: 466.874 Executing VM operation: CGC_Operation done
Event: 466.930 loading class org/gradle/internal/operations/BuildOperationDescriptor$1
Event: 466.930 loading class org/gradle/internal/operations/BuildOperationDescriptor$1 done


Dynamic libraries:
0x00007ff7e5990000 - 0x00007ff7e599a000 	C:\Program Files\Android\Android Studio\jre\bin\java.exe
0x00007ffb81f30000 - 0x00007ffb82128000 	C:\windows\SYSTEM32\ntdll.dll
0x00007ffb800c0000 - 0x00007ffb8017d000 	C:\windows\System32\KERNEL32.DLL
0x00007ffb7fcc0000 - 0x00007ffb7ff8e000 	C:\windows\System32\KERNELBASE.dll
0x00007ffb7f800000 - 0x00007ffb7f900000 	C:\windows\System32\ucrtbase.dll
0x00007ffb69080000 - 0x00007ffb69099000 	C:\Program Files\Android\Android Studio\jre\bin\jli.dll
0x00007ffb68c90000 - 0x00007ffb68ca7000 	C:\Program Files\Android\Android Studio\jre\bin\VCRUNTIME140.dll
0x00007ffb80a80000 - 0x00007ffb80c20000 	C:\windows\System32\USER32.dll
0x00007ffb7f7d0000 - 0x00007ffb7f7f2000 	C:\windows\System32\win32u.dll
0x00007ffb64070000 - 0x00007ffb6430a000 	C:\windows\WinSxS\amd64_microsoft.windows.common-controls_6595b64144ccf1df_6.0.19041.1110_none_60b5254171f9507e\COMCTL32.dll
0x00007ffb80a50000 - 0x00007ffb80a7a000 	C:\windows\System32\GDI32.dll
0x00007ffb81060000 - 0x00007ffb810fe000 	C:\windows\System32\msvcrt.dll
0x00007ffb7fa60000 - 0x00007ffb7fb6b000 	C:\windows\System32\gdi32full.dll
0x00007ffb7f730000 - 0x00007ffb7f7cd000 	C:\windows\System32\msvcp_win.dll
0x00007ffb805b0000 - 0x00007ffb805e0000 	C:\windows\System32\IMM32.DLL
0x00007ffb51f30000 - 0x00007ffb51fcd000 	C:\Program Files\Android\Android Studio\jre\bin\msvcp140.dll
0x00007ffb0eb00000 - 0x00007ffb0f5e5000 	C:\Program Files\Android\Android Studio\jre\bin\server\jvm.dll
0x00007ffb80c20000 - 0x00007ffb80cce000 	C:\windows\System32\ADVAPI32.dll
0x00007ffb80020000 - 0x00007ffb800bc000 	C:\windows\System32\sechost.dll
0x00007ffb802d0000 - 0x00007ffb803f5000 	C:\windows\System32\RPCRT4.dll
0x00007ffb818b0000 - 0x00007ffb818b8000 	C:\windows\System32\PSAPI.DLL
0x00007ffb67ad0000 - 0x00007ffb67af7000 	C:\windows\SYSTEM32\WINMM.dll
0x00007ffb7ab30000 - 0x00007ffb7ab39000 	C:\windows\SYSTEM32\WSOCK32.dll
0x00007ffb79830000 - 0x00007ffb7983a000 	C:\windows\SYSTEM32\VERSION.dll
0x00007ffb818c0000 - 0x00007ffb8192b000 	C:\windows\System32\WS2_32.dll
0x00007ffb7ded0000 - 0x00007ffb7dee2000 	C:\windows\SYSTEM32\kernel.appcore.dll
0x00007ffb648c0000 - 0x00007ffb648d1000 	C:\Program Files\Android\Android Studio\jre\bin\verify.dll
0x00007ffb7db90000 - 0x00007ffb7dd74000 	C:\windows\SYSTEM32\DBGHELP.DLL
0x00007ffb6dfe0000 - 0x00007ffb6e00c000 	C:\windows\SYSTEM32\dbgcore.DLL
0x00007ffb7f650000 - 0x00007ffb7f6d2000 	C:\windows\System32\bcryptPrimitives.dll
0x00007ffb5a2f0000 - 0x00007ffb5a319000 	C:\Program Files\Android\Android Studio\jre\bin\java.dll
0x00007ffb78870000 - 0x00007ffb7887b000 	C:\Program Files\Android\Android Studio\jre\bin\jimage.dll
0x00007ffb61f80000 - 0x00007ffb61f98000 	C:\Program Files\Android\Android Studio\jre\bin\zip.dll
0x00007ffb81160000 - 0x00007ffb818a4000 	C:\windows\System32\SHELL32.dll
0x00007ffb7d3f0000 - 0x00007ffb7db84000 	C:\windows\SYSTEM32\windows.storage.dll
0x00007ffb81b90000 - 0x00007ffb81ee4000 	C:\windows\System32\combase.dll
0x00007ffb7f0b0000 - 0x00007ffb7f0e0000 	C:\windows\SYSTEM32\Wldp.dll
0x00007ffb80e00000 - 0x00007ffb80ead000 	C:\windows\System32\SHCORE.dll
0x00007ffb81000000 - 0x00007ffb81055000 	C:\windows\System32\shlwapi.dll
0x00007ffb7f590000 - 0x00007ffb7f5af000 	C:\windows\SYSTEM32\profapi.dll
0x00007ffb5a710000 - 0x00007ffb5a72a000 	C:\Program Files\Android\Android Studio\jre\bin\net.dll
0x00007ffb7ac90000 - 0x00007ffb7ad9a000 	C:\windows\SYSTEM32\WINHTTP.dll
0x00007ffb7edd0000 - 0x00007ffb7ee3a000 	C:\windows\system32\mswsock.dll
0x00007ffb5a2a0000 - 0x00007ffb5a2b4000 	C:\Program Files\Android\Android Studio\jre\bin\nio.dll
0x00007ffb6c020000 - 0x00007ffb6c047000 	C:\Users\Anchal\.gradle\native\e1d6ef7f7dcc3fd88c89a11ec53ec762bb8ba0a96d01ffa2cd45eb1d1d8dd5c5\windows-amd64\native-platform.dll
0x00007ffb50d00000 - 0x00007ffb50e44000 	C:\Users\Anchal\.gradle\native\5664cfc778a61ccfe75a443a1ab52a65af34e5dc3c78e0209fed803814484fcb\windows-amd64\native-platform-file-events.dll
0x00007ffb751d0000 - 0x00007ffb751da000 	C:\Program Files\Android\Android Studio\jre\bin\management.dll
0x00007ffb6d920000 - 0x00007ffb6d92d000 	C:\Program Files\Android\Android Studio\jre\bin\management_ext.dll
0x00007ffb7f000000 - 0x00007ffb7f018000 	C:\windows\SYSTEM32\CRYPTSP.dll
0x00007ffb7e6e0000 - 0x00007ffb7e714000 	C:\windows\system32\rsaenh.dll
0x00007ffb7fb70000 - 0x00007ffb7fb97000 	C:\windows\System32\bcrypt.dll
0x00007ffb7f510000 - 0x00007ffb7f53e000 	C:\windows\SYSTEM32\USERENV.dll
0x00007ffb7f020000 - 0x00007ffb7f02c000 	C:\windows\SYSTEM32\CRYPTBASE.dll
0x00007ffb7ea80000 - 0x00007ffb7eabb000 	C:\windows\SYSTEM32\IPHLPAPI.DLL
0x00007ffb80df0000 - 0x00007ffb80df8000 	C:\windows\System32\NSI.dll
0x00007ffb79810000 - 0x00007ffb79827000 	C:\windows\SYSTEM32\dhcpcsvc6.DLL
0x00007ffb79fa0000 - 0x00007ffb79fbd000 	C:\windows\SYSTEM32\dhcpcsvc.DLL
0x00007ffb7eb10000 - 0x00007ffb7ebdb000 	C:\windows\SYSTEM32\DNSAPI.dll
0x00007ffb513b0000 - 0x00007ffb513d7000 	C:\Program Files\Android\Android Studio\jre\bin\sunec.dll

dbghelp: loaded successfully - version: 4.0.5 - missing functions: none
symbol engine: initialized successfully - sym options: 0x614 - pdb path: .;C:\Program Files\Android\Android Studio\jre\bin;C:\windows\SYSTEM32;C:\windows\WinSxS\amd64_microsoft.windows.common-controls_6595b64144ccf1df_6.0.19041.1110_none_60b5254171f9507e;C:\Program Files\Android\Android Studio\jre\bin\server;C:\Users\Anchal\.gradle\native\e1d6ef7f7dcc3fd88c89a11ec53ec762bb8ba0a96d01ffa2cd45eb1d1d8dd5c5\windows-amd64;C:\Users\Anchal\.gradle\native\5664cfc778a61ccfe75a443a1ab52a65af34e5dc3c78e0209fed803814484fcb\windows-amd64

VM Arguments:
jvm_args: --add-opens=java.base/java.util=ALL-UNNAMED --add-opens=java.base/java.lang=ALL-UNNAMED --add-opens=java.base/java.lang.invoke=ALL-UNNAMED --add-opens=java.base/java.util=ALL-UNNAMED --add-opens=java.prefs/java.util.prefs=ALL-UNNAMED --add-opens=java.prefs/java.util.prefs=ALL-UNNAMED --add-opens=java.base/java.nio.charset=ALL-UNNAMED --add-opens=java.base/java.net=ALL-UNNAMED --add-opens=java.base/java.util.concurrent.atomic=ALL-UNNAMED -Xmx2048m -Dfile.encoding=UTF-8 -Duser.country=IN -Duser.language=en -Duser.variant 
java_command: org.gradle.launcher.daemon.bootstrap.GradleDaemon 7.3.3
java_class_path (initial): C:\Users\Anchal\.gradle\wrapper\dists\gradle-7.3.3-bin\6a41zxkdtcxs8rphpq6y0069z\gradle-7.3.3\lib\gradle-launcher-7.3.3.jar
Launcher Type: SUN_STANDARD

[Global flags]
     intx CICompilerCount                          = 4                                         {product} {ergonomic}
     uint ConcGCThreads                            = 2                                         {product} {ergonomic}
     uint G1ConcRefinementThreads                  = 8                                         {product} {ergonomic}
   size_t G1HeapRegionSize                         = 1048576                                   {product} {ergonomic}
    uintx GCDrainStackTargetSize                   = 64                                        {product} {ergonomic}
   size_t InitialHeapSize                          = 130023424                                 {product} {ergonomic}
   size_t MarkStackSize                            = 4194304                                   {product} {ergonomic}
   size_t MaxHeapSize                              = 2147483648                                {product} {command line}
   size_t MaxNewSize                               = 1287651328                                {product} {ergonomic}
   size_t MinHeapDeltaBytes                        = 1048576                                   {product} {ergonomic}
    uintx NonNMethodCodeHeapSize                   = 5836300                                {pd product} {ergonomic}
    uintx NonProfiledCodeHeapSize                  = 122910970                              {pd product} {ergonomic}
    uintx ProfiledCodeHeapSize                     = 122910970                              {pd product} {ergonomic}
    uintx ReservedCodeCacheSize                    = 251658240                              {pd product} {ergonomic}
     bool SegmentedCodeCache                       = true                                      {product} {ergonomic}
     bool UseCompressedClassPointers               = true                                 {lp64_product} {ergonomic}
     bool UseCompressedOops                        = true                                 {lp64_product} {ergonomic}
     bool UseG1GC                                  = true                                      {product} {ergonomic}
     bool UseLargePagesIndividualAllocation        = false                                  {pd product} {ergonomic}

Logging:
Log output configuration:
 #0: stdout all=warning uptime,level,tags
 #1: stderr all=off uptime,level,tags

Environment Variables:
PATH=C:\Program Files\Common Files\Oracle\Java\javapath;C:\Python39\Scripts\;C:\Python39\;C:\windows\system32;C:\windows;C:\windows\System32\Wbem;C:\windows\System32\WindowsPowerShell\v1.0\;C:\windows\System32\OpenSSH\;C:\Program Files\Android\Android Studio\gradle-7.1-bin\gradle-7.1\bin\;C:\MinGW\bin\;C:\ProgramData\chocolatey\bin;C:\Program Files\nodejs\;C:\Program Files\Git\cmd;C:\Users\Anchal\Documents\mysql\mysql-5.7.38-winx64\bin;C:\Users\Anchal\AppData\Local\Microsoft\WindowsApps;C:\Users\Anchal\AppData\Local\Programs\Microsoft VS Code\bin;C:\Users\Anchal\AppData\Local\atom\bin;C:\Program Files\JetBrains\IntelliJ IDEA Community Edition 2021.1.2\bin;;C:\Users\Anchal\AppData\Roaming\npm;C:\Program Files\MongoDB\Server\4.4\bin;
USERNAME=Anchal
OS=Windows_NT
PROCESSOR_IDENTIFIER=Intel64 Family 6 Model 140 Stepping 1, GenuineIntel



---------------  S Y S T E M  ---------------

OS: Windows 10 , 64 bit Build 19041 (10.0.19041.1806)
OS uptime: 1 days 21:23 hours
Hyper-V role detected

CPU:total 8 (initial active 8) (4 cores per cpu, 2 threads per core) family 6 model 140 stepping 1 microcode 0x8a, cmov, cx8, fxsr, mmx, sse, sse2, sse3, ssse3, sse4.1, sse4.2, popcnt, avx, avx2, aes, clmul, erms, 3dnowpref, lzcnt, ht, tsc, tscinvbit, bmi1, bmi2, adx, evex, sha, fma

Memory: 4k page, system-wide physical 7834M (700M free)
TotalPageFile size 12834M (AvailPageFile size 0M)
current process WorkingSet (physical memory assigned to process): 308M, peak: 396M
current process commit charge ("private bytes"): 486M, peak: 526M

vm_info: OpenJDK 64-Bit Server VM (11.0.12+7-b1504.28-7817840) for windows-amd64 JRE (11.0.12+7-b1504.28-7817840), built on Oct 13 2021 22:12:33 by "builder" with MS VC++ 14.0 (VS2015)

END.
